<?xml version="1.0" encoding="UTF-8"?>
<testsuites name="GM - Regression Suite for Reporting Tool" time="991" tests="5" failures="0" errors="0">
   <testsuite name="GM - Regression Suite for Reporting Tool" tests="5" failures="0" errors="0" time="991" timestamp="2018-04-02 11:30:03" hostname="THE FRANKENSTINE - 10.2.38.51" id="Test Suites/GM - Regression Suite for Reporting Tool">
      <properties>
         <property name="deviceName" value=""/>
         <property name="devicePlatform" value=""/>
         <property name="logFolder" value="C:\\Users\\THE FRANKENSTINE\\Katalon Studio\\GM-US_Lead_Gen_Reporting_Tool\\Reports\\GM - Regression Suite for Reporting Tool\\20180402_113002"/>
         <property name="logFiles" value="C:\\Users\\THE FRANKENSTINE\\Katalon Studio\\GM-US_Lead_Gen_Reporting_Tool\\Reports\\GM - Regression Suite for Reporting Tool\\20180402_113002\\execution0.log"/>
         <property name="attachments" value=""/>
         <property name="hostName" value="THE FRANKENSTINE - 10.2.38.51"/>
         <property name="os" value="Windows 7 64bit"/>
         <property name="katalonVersion" value="5.3.1.1"/>
         <property name="browser" value="Firefox 57.0"/>
         <property name="hostAddress" value="10.2.38.51"/>
         <property name="sessionId" value="13963bd3-a37a-4380-989a-8d7e6b76a50b"/>
         <property name="seleniumVersion" value="3.7.1"/>
         <property name="proxyInformation" value="ProxyInformation{proxyOption=USE_SYSTEM, proxyServerType=HTTP, password=, proxyServerAddress=, proxyServerPort=0}"/>
         <property name="platform" value="Windows 7"/>
      </properties>
      <testcase name="Test Cases/Regression - Logging in and Logging out" classname="Test Cases/Regression - Logging in and Logging out" status="PASSED">
         <system-out><![CDATA[2018-04-02 11:30:04 - [TEST_CASE][PASSED] - Test Cases/Regression - Logging in and Logging out: Test Cases/Regression - Logging in and Logging out

2018-04-02 11:30:04 - [TEST_STEP][PASSED] - openBrowser: Browser is opened with url: ''

2018-04-02 11:30:14 - [MESSAGE][PASSED] - Browser is opened with url: ''

2018-04-02 11:30:14 - [TEST_STEP][PASSED] - navigateToUrl: Navigate to 'https://us-dev.gmli2.bluewatertech.host' successfully

2018-04-02 11:30:15 - [MESSAGE][PASSED] - Navigate to 'https://us-dev.gmli2.bluewatertech.host' successfully

2018-04-02 11:30:15 - [TEST_STEP][PASSED] - maximizeWindow: Current window maximized

2018-04-02 11:30:15 - [MESSAGE][PASSED] - Current window maximized

2018-04-02 11:30:15 - [TEST_STEP][PASSED] - delay: Delayed 2 second(s)

2018-04-02 11:30:17 - [MESSAGE][PASSED] - Delayed 2 second(s)

2018-04-02 11:30:17 - [TEST_STEP][PASSED] - mouseOver: Object: 'Object Repository/Page_Home Page - US Leadgen/a_Sign In' is hovered

2018-04-02 11:30:17 - [MESSAGE][PASSED] - Object: 'Object Repository/Page_Home Page - US Leadgen/a_Sign In' is hovered

2018-04-02 11:30:17 - [TEST_STEP][PASSED] - click: Object: 'Object Repository/Page_Home Page - US Leadgen/a_Sign In' is clicked on

2018-04-02 11:30:17 - [MESSAGE][PASSED] - Object: 'Object Repository/Page_Home Page - US Leadgen/a_Sign In' is clicked on

2018-04-02 11:30:17 - [TEST_STEP][PASSED] - delay: Delayed 2 second(s)

2018-04-02 11:30:19 - [MESSAGE][PASSED] - Delayed 2 second(s)

2018-04-02 11:30:19 - [TEST_STEP][PASSED] - setText: Text 'jwaryas@bluewatertech.com' is set on object 'Object Repository/Page_Log in - US Leadgen/input_Email'

2018-04-02 11:30:19 - [MESSAGE][PASSED] - Text 'jwaryas@bluewatertech.com' is set on object 'Object Repository/Page_Log in - US Leadgen/input_Email'

2018-04-02 11:30:19 - [TEST_STEP][PASSED] - setText: Text 'Droop420!' is set on object 'Object Repository/Page_Log in - US Leadgen/input_Password'

2018-04-02 11:30:19 - [MESSAGE][PASSED] - Text 'Droop420!' is set on object 'Object Repository/Page_Log in - US Leadgen/input_Password'

2018-04-02 11:30:19 - [TEST_STEP][PASSED] - delay: Delayed 2 second(s)

2018-04-02 11:30:21 - [MESSAGE][PASSED] - Delayed 2 second(s)

2018-04-02 11:30:21 - [TEST_STEP][PASSED] - click: Object: 'Object Repository/Page_Log in - US Leadgen/input_btn btn-default' is clicked on

2018-04-02 11:30:23 - [MESSAGE][PASSED] - Object: 'Object Repository/Page_Log in - US Leadgen/input_btn btn-default' is clicked on

2018-04-02 11:30:23 - [TEST_STEP][PASSED] - delay: Delayed 2 second(s)

2018-04-02 11:30:25 - [MESSAGE][PASSED] - Delayed 2 second(s)

2018-04-02 11:30:25 - [TEST_STEP][PASSED] - mouseOver: Object: 'Object Repository/Page_Home Page - US Leadgen (1)/span_Account' is hovered

2018-04-02 11:30:25 - [MESSAGE][PASSED] - Object: 'Object Repository/Page_Home Page - US Leadgen (1)/span_Account' is hovered

2018-04-02 11:30:25 - [TEST_STEP][PASSED] - delay: Delayed 2 second(s)

2018-04-02 11:30:27 - [MESSAGE][PASSED] - Delayed 2 second(s)

2018-04-02 11:30:27 - [TEST_STEP][PASSED] - click: Object: 'Object Repository/Page_Home Page - US Leadgen (2)/span_Sign Out' is clicked on

2018-04-02 11:30:27 - [MESSAGE][PASSED] - Object: 'Object Repository/Page_Home Page - US Leadgen (2)/span_Sign Out' is clicked on

2018-04-02 11:30:27 - [TEST_STEP][PASSED] - delay: Delayed 2 second(s)

2018-04-02 11:30:29 - [MESSAGE][PASSED] - Delayed 2 second(s)

2018-04-02 11:30:29 - [TEST_STEP][PASSED] - mouseOver: Object: 'Object Repository/Page_Home Page - US Leadgen/a_Sign In' is hovered

2018-04-02 11:30:29 - [MESSAGE][PASSED] - Object: 'Object Repository/Page_Home Page - US Leadgen/a_Sign In' is hovered

2018-04-02 11:30:29 - [TEST_STEP][PASSED] - click: Object: 'Object Repository/Page_Home Page - US Leadgen/a_Sign In' is clicked on

2018-04-02 11:30:30 - [MESSAGE][PASSED] - Object: 'Object Repository/Page_Home Page - US Leadgen/a_Sign In' is clicked on

2018-04-02 11:30:30 - [TEST_STEP][PASSED] - delay: Delayed 2 second(s)

2018-04-02 11:30:32 - [MESSAGE][PASSED] - Delayed 2 second(s)

2018-04-02 11:30:32 - [TEST_STEP][PASSED] - setText: Text 'jwaryas@bluewatertech.com' is set on object 'Object Repository/Page_Log in - US Leadgen/input_Email'

2018-04-02 11:30:32 - [MESSAGE][PASSED] - Text 'jwaryas@bluewatertech.com' is set on object 'Object Repository/Page_Log in - US Leadgen/input_Email'

2018-04-02 11:30:32 - [TEST_STEP][PASSED] - setText: Text 'Droop420!' is set on object 'Object Repository/Page_Log in - US Leadgen/input_Password'

2018-04-02 11:30:32 - [MESSAGE][PASSED] - Text 'Droop420!' is set on object 'Object Repository/Page_Log in - US Leadgen/input_Password'

2018-04-02 11:30:32 - [TEST_STEP][PASSED] - delay: Delayed 2 second(s)

2018-04-02 11:30:34 - [MESSAGE][PASSED] - Delayed 2 second(s)

2018-04-02 11:30:34 - [TEST_STEP][PASSED] - click: Object: 'Object Repository/Page_Log in - US Leadgen/input_btn btn-default' is clicked on

2018-04-02 11:30:35 - [MESSAGE][PASSED] - Object: 'Object Repository/Page_Log in - US Leadgen/input_btn btn-default' is clicked on

2018-04-02 11:30:35 - [TEST_STEP][PASSED] - delay: Delayed 2 second(s)

2018-04-02 11:30:37 - [MESSAGE][PASSED] - Delayed 2 second(s)

2018-04-02 11:30:37 - [TEST_STEP][PASSED] - mouseOver: Object: 'Object Repository/Page_Home Page - US Leadgen (1)/span_Account' is hovered

2018-04-02 11:30:37 - [MESSAGE][PASSED] - Object: 'Object Repository/Page_Home Page - US Leadgen (1)/span_Account' is hovered

2018-04-02 11:30:37 - [TEST_STEP][PASSED] - delay: Delayed 2 second(s)

2018-04-02 11:30:39 - [MESSAGE][PASSED] - Delayed 2 second(s)

2018-04-02 11:30:39 - [TEST_STEP][PASSED] - click: Object: 'Object Repository/Page_Home Page - US Leadgen (2)/span_Sign Out' is clicked on

2018-04-02 11:30:39 - [MESSAGE][PASSED] - Object: 'Object Repository/Page_Home Page - US Leadgen (2)/span_Sign Out' is clicked on

2018-04-02 11:30:39 - [TEST_STEP][PASSED] - delay: Delayed 2 second(s)

2018-04-02 11:30:41 - [MESSAGE][PASSED] - Delayed 2 second(s)

2018-04-02 11:30:41 - [TEST_STEP][PASSED] - mouseOver: Object: 'Object Repository/Page_Home Page - US Leadgen/a_Sign In' is hovered

2018-04-02 11:30:41 - [MESSAGE][PASSED] - Object: 'Object Repository/Page_Home Page - US Leadgen/a_Sign In' is hovered

2018-04-02 11:30:41 - [TEST_STEP][PASSED] - click: Object: 'Object Repository/Page_Home Page - US Leadgen/a_Sign In' is clicked on

2018-04-02 11:30:42 - [MESSAGE][PASSED] - Object: 'Object Repository/Page_Home Page - US Leadgen/a_Sign In' is clicked on

2018-04-02 11:30:42 - [TEST_STEP][PASSED] - delay: Delayed 2 second(s)

2018-04-02 11:30:44 - [MESSAGE][PASSED] - Delayed 2 second(s)

2018-04-02 11:30:44 - [TEST_STEP][PASSED] - setText: Text 'jwaryas@bluewatertech.com' is set on object 'Object Repository/Page_Log in - US Leadgen/input_Email'

2018-04-02 11:30:44 - [MESSAGE][PASSED] - Text 'jwaryas@bluewatertech.com' is set on object 'Object Repository/Page_Log in - US Leadgen/input_Email'

2018-04-02 11:30:44 - [TEST_STEP][PASSED] - setText: Text 'Droop420!' is set on object 'Object Repository/Page_Log in - US Leadgen/input_Password'

2018-04-02 11:30:44 - [MESSAGE][PASSED] - Text 'Droop420!' is set on object 'Object Repository/Page_Log in - US Leadgen/input_Password'

2018-04-02 11:30:44 - [TEST_STEP][PASSED] - delay: Delayed 2 second(s)

2018-04-02 11:30:46 - [MESSAGE][PASSED] - Delayed 2 second(s)

2018-04-02 11:30:46 - [TEST_STEP][PASSED] - click: Object: 'Object Repository/Page_Log in - US Leadgen/input_btn btn-default' is clicked on

2018-04-02 11:30:47 - [MESSAGE][PASSED] - Object: 'Object Repository/Page_Log in - US Leadgen/input_btn btn-default' is clicked on

2018-04-02 11:30:47 - [TEST_STEP][PASSED] - delay: Delayed 2 second(s)

2018-04-02 11:30:49 - [MESSAGE][PASSED] - Delayed 2 second(s)

2018-04-02 11:30:49 - [TEST_STEP][PASSED] - mouseOver: Object: 'Object Repository/Page_Home Page - US Leadgen (1)/span_Account' is hovered

2018-04-02 11:30:49 - [MESSAGE][PASSED] - Object: 'Object Repository/Page_Home Page - US Leadgen (1)/span_Account' is hovered

2018-04-02 11:30:49 - [TEST_STEP][PASSED] - delay: Delayed 2 second(s)

2018-04-02 11:30:51 - [MESSAGE][PASSED] - Delayed 2 second(s)

2018-04-02 11:30:51 - [TEST_STEP][PASSED] - click: Object: 'Object Repository/Page_Home Page - US Leadgen (2)/span_Sign Out' is clicked on

2018-04-02 11:30:51 - [MESSAGE][PASSED] - Object: 'Object Repository/Page_Home Page - US Leadgen (2)/span_Sign Out' is clicked on

2018-04-02 11:30:51 - [TEST_STEP][PASSED] - delay: Delayed 2 second(s)

2018-04-02 11:30:53 - [MESSAGE][PASSED] - Delayed 2 second(s)

2018-04-02 11:30:53 - [TEST_STEP][PASSED] - mouseOver: Object: 'Object Repository/Page_Home Page - US Leadgen/a_Sign In' is hovered

2018-04-02 11:30:53 - [MESSAGE][PASSED] - Object: 'Object Repository/Page_Home Page - US Leadgen/a_Sign In' is hovered

2018-04-02 11:30:53 - [TEST_STEP][PASSED] - click: Object: 'Object Repository/Page_Home Page - US Leadgen/a_Sign In' is clicked on

2018-04-02 11:30:54 - [MESSAGE][PASSED] - Object: 'Object Repository/Page_Home Page - US Leadgen/a_Sign In' is clicked on

2018-04-02 11:30:54 - [TEST_STEP][PASSED] - delay: Delayed 2 second(s)

2018-04-02 11:30:56 - [MESSAGE][PASSED] - Delayed 2 second(s)

2018-04-02 11:30:56 - [TEST_STEP][PASSED] - setText: Text 'jwaryas@bluewatertech.com' is set on object 'Object Repository/Page_Log in - US Leadgen/input_Email'

2018-04-02 11:30:56 - [MESSAGE][PASSED] - Text 'jwaryas@bluewatertech.com' is set on object 'Object Repository/Page_Log in - US Leadgen/input_Email'

2018-04-02 11:30:56 - [TEST_STEP][PASSED] - setText: Text 'Droop420!' is set on object 'Object Repository/Page_Log in - US Leadgen/input_Password'

2018-04-02 11:30:56 - [MESSAGE][PASSED] - Text 'Droop420!' is set on object 'Object Repository/Page_Log in - US Leadgen/input_Password'

2018-04-02 11:30:56 - [TEST_STEP][PASSED] - delay: Delayed 2 second(s)

2018-04-02 11:30:58 - [MESSAGE][PASSED] - Delayed 2 second(s)

2018-04-02 11:30:58 - [TEST_STEP][PASSED] - click: Object: 'Object Repository/Page_Log in - US Leadgen/input_btn btn-default' is clicked on

2018-04-02 11:30:59 - [MESSAGE][PASSED] - Object: 'Object Repository/Page_Log in - US Leadgen/input_btn btn-default' is clicked on

2018-04-02 11:30:59 - [TEST_STEP][PASSED] - delay: Delayed 2 second(s)

2018-04-02 11:31:01 - [MESSAGE][PASSED] - Delayed 2 second(s)

2018-04-02 11:31:01 - [TEST_STEP][PASSED] - mouseOver: Object: 'Object Repository/Page_Home Page - US Leadgen (1)/span_Account' is hovered

2018-04-02 11:31:01 - [MESSAGE][PASSED] - Object: 'Object Repository/Page_Home Page - US Leadgen (1)/span_Account' is hovered

2018-04-02 11:31:01 - [TEST_STEP][PASSED] - delay: Delayed 2 second(s)

2018-04-02 11:31:03 - [MESSAGE][PASSED] - Delayed 2 second(s)

2018-04-02 11:31:03 - [TEST_STEP][PASSED] - click: Object: 'Object Repository/Page_Home Page - US Leadgen (2)/span_Sign Out' is clicked on

2018-04-02 11:31:03 - [MESSAGE][PASSED] - Object: 'Object Repository/Page_Home Page - US Leadgen (2)/span_Sign Out' is clicked on

2018-04-02 11:31:03 - [TEST_STEP][PASSED] - delay: Delayed 2 second(s)

2018-04-02 11:31:05 - [MESSAGE][PASSED] - Delayed 2 second(s)

2018-04-02 11:31:05 - [TEST_STEP][PASSED] - mouseOver: Object: 'Object Repository/Page_Home Page - US Leadgen/a_Sign In' is hovered

2018-04-02 11:31:05 - [MESSAGE][PASSED] - Object: 'Object Repository/Page_Home Page - US Leadgen/a_Sign In' is hovered

2018-04-02 11:31:05 - [TEST_STEP][PASSED] - click: Object: 'Object Repository/Page_Home Page - US Leadgen/a_Sign In' is clicked on

2018-04-02 11:31:06 - [MESSAGE][PASSED] - Object: 'Object Repository/Page_Home Page - US Leadgen/a_Sign In' is clicked on

2018-04-02 11:31:06 - [TEST_STEP][PASSED] - delay: Delayed 2 second(s)

2018-04-02 11:31:08 - [MESSAGE][PASSED] - Delayed 2 second(s)

2018-04-02 11:31:08 - [TEST_STEP][PASSED] - setText: Text 'jwaryas@bluewatertech.com' is set on object 'Object Repository/Page_Log in - US Leadgen/input_Email'

2018-04-02 11:31:08 - [MESSAGE][PASSED] - Text 'jwaryas@bluewatertech.com' is set on object 'Object Repository/Page_Log in - US Leadgen/input_Email'

2018-04-02 11:31:08 - [TEST_STEP][PASSED] - setText: Text 'Droop420!' is set on object 'Object Repository/Page_Log in - US Leadgen/input_Password'

2018-04-02 11:31:08 - [MESSAGE][PASSED] - Text 'Droop420!' is set on object 'Object Repository/Page_Log in - US Leadgen/input_Password'

2018-04-02 11:31:08 - [TEST_STEP][PASSED] - delay: Delayed 2 second(s)

2018-04-02 11:31:10 - [MESSAGE][PASSED] - Delayed 2 second(s)

2018-04-02 11:31:10 - [TEST_STEP][PASSED] - click: Object: 'Object Repository/Page_Log in - US Leadgen/input_btn btn-default' is clicked on

2018-04-02 11:31:11 - [MESSAGE][PASSED] - Object: 'Object Repository/Page_Log in - US Leadgen/input_btn btn-default' is clicked on

2018-04-02 11:31:11 - [TEST_STEP][PASSED] - delay: Delayed 2 second(s)

2018-04-02 11:31:13 - [MESSAGE][PASSED] - Delayed 2 second(s)

2018-04-02 11:31:13 - [TEST_STEP][PASSED] - mouseOver: Object: 'Object Repository/Page_Home Page - US Leadgen (1)/span_Account' is hovered

2018-04-02 11:31:13 - [MESSAGE][PASSED] - Object: 'Object Repository/Page_Home Page - US Leadgen (1)/span_Account' is hovered

2018-04-02 11:31:13 - [TEST_STEP][PASSED] - delay: Delayed 2 second(s)

2018-04-02 11:31:15 - [MESSAGE][PASSED] - Delayed 2 second(s)

2018-04-02 11:31:15 - [TEST_STEP][PASSED] - click: Object: 'Object Repository/Page_Home Page - US Leadgen (2)/span_Sign Out' is clicked on

2018-04-02 11:31:15 - [MESSAGE][PASSED] - Object: 'Object Repository/Page_Home Page - US Leadgen (2)/span_Sign Out' is clicked on

2018-04-02 11:31:15 - [TEST_STEP][PASSED] - delay: Delayed 2 second(s)

2018-04-02 11:31:17 - [MESSAGE][PASSED] - Delayed 2 second(s)

2018-04-02 11:31:17 - [TEST_STEP][PASSED] - mouseOver: Object: 'Object Repository/Page_Home Page - US Leadgen/a_Sign In' is hovered

2018-04-02 11:31:17 - [MESSAGE][PASSED] - Object: 'Object Repository/Page_Home Page - US Leadgen/a_Sign In' is hovered

2018-04-02 11:31:17 - [TEST_STEP][PASSED] - click: Object: 'Object Repository/Page_Home Page - US Leadgen/a_Sign In' is clicked on

2018-04-02 11:31:18 - [MESSAGE][PASSED] - Object: 'Object Repository/Page_Home Page - US Leadgen/a_Sign In' is clicked on

2018-04-02 11:31:18 - [TEST_STEP][PASSED] - delay: Delayed 2 second(s)

2018-04-02 11:31:20 - [MESSAGE][PASSED] - Delayed 2 second(s)

2018-04-02 11:31:20 - [TEST_STEP][PASSED] - setText: Text 'jwaryas@bluewatertech.com' is set on object 'Object Repository/Page_Log in - US Leadgen/input_Email'

2018-04-02 11:31:20 - [MESSAGE][PASSED] - Text 'jwaryas@bluewatertech.com' is set on object 'Object Repository/Page_Log in - US Leadgen/input_Email'

2018-04-02 11:31:20 - [TEST_STEP][PASSED] - setText: Text 'Droop420!' is set on object 'Object Repository/Page_Log in - US Leadgen/input_Password'

2018-04-02 11:31:20 - [MESSAGE][PASSED] - Text 'Droop420!' is set on object 'Object Repository/Page_Log in - US Leadgen/input_Password'

2018-04-02 11:31:20 - [TEST_STEP][PASSED] - delay: Delayed 2 second(s)

2018-04-02 11:31:22 - [MESSAGE][PASSED] - Delayed 2 second(s)

2018-04-02 11:31:22 - [TEST_STEP][PASSED] - click: Object: 'Object Repository/Page_Log in - US Leadgen/input_btn btn-default' is clicked on

2018-04-02 11:31:23 - [MESSAGE][PASSED] - Object: 'Object Repository/Page_Log in - US Leadgen/input_btn btn-default' is clicked on

2018-04-02 11:31:23 - [TEST_STEP][PASSED] - delay: Delayed 2 second(s)

2018-04-02 11:31:25 - [MESSAGE][PASSED] - Delayed 2 second(s)

2018-04-02 11:31:25 - [TEST_STEP][PASSED] - mouseOver: Object: 'Object Repository/Page_Home Page - US Leadgen (1)/span_Account' is hovered

2018-04-02 11:31:25 - [MESSAGE][PASSED] - Object: 'Object Repository/Page_Home Page - US Leadgen (1)/span_Account' is hovered

2018-04-02 11:31:25 - [TEST_STEP][PASSED] - delay: Delayed 2 second(s)

2018-04-02 11:31:27 - [MESSAGE][PASSED] - Delayed 2 second(s)

2018-04-02 11:31:27 - [TEST_STEP][PASSED] - click: Object: 'Object Repository/Page_Home Page - US Leadgen (2)/span_Sign Out' is clicked on

2018-04-02 11:31:27 - [MESSAGE][PASSED] - Object: 'Object Repository/Page_Home Page - US Leadgen (2)/span_Sign Out' is clicked on

2018-04-02 11:31:27 - [TEST_STEP][PASSED] - delay: Delayed 2 second(s)

2018-04-02 11:31:29 - [MESSAGE][PASSED] - Delayed 2 second(s)

2018-04-02 11:31:29 - [TEST_STEP][PASSED] - mouseOver: Object: 'Object Repository/Page_Home Page - US Leadgen/a_Sign In' is hovered

2018-04-02 11:31:29 - [MESSAGE][PASSED] - Object: 'Object Repository/Page_Home Page - US Leadgen/a_Sign In' is hovered

2018-04-02 11:31:29 - [TEST_STEP][PASSED] - click: Object: 'Object Repository/Page_Home Page - US Leadgen/a_Sign In' is clicked on

2018-04-02 11:31:30 - [MESSAGE][PASSED] - Object: 'Object Repository/Page_Home Page - US Leadgen/a_Sign In' is clicked on

2018-04-02 11:31:30 - [TEST_STEP][PASSED] - delay: Delayed 2 second(s)

2018-04-02 11:31:32 - [MESSAGE][PASSED] - Delayed 2 second(s)

2018-04-02 11:31:32 - [TEST_STEP][PASSED] - setText: Text 'jwaryas@bluewatertech.com' is set on object 'Object Repository/Page_Log in - US Leadgen/input_Email'

2018-04-02 11:31:32 - [MESSAGE][PASSED] - Text 'jwaryas@bluewatertech.com' is set on object 'Object Repository/Page_Log in - US Leadgen/input_Email'

2018-04-02 11:31:32 - [TEST_STEP][PASSED] - setText: Text 'Droop420!' is set on object 'Object Repository/Page_Log in - US Leadgen/input_Password'

2018-04-02 11:31:32 - [MESSAGE][PASSED] - Text 'Droop420!' is set on object 'Object Repository/Page_Log in - US Leadgen/input_Password'

2018-04-02 11:31:32 - [TEST_STEP][PASSED] - delay: Delayed 2 second(s)

2018-04-02 11:31:34 - [MESSAGE][PASSED] - Delayed 2 second(s)

2018-04-02 11:31:34 - [TEST_STEP][PASSED] - click: Object: 'Object Repository/Page_Log in - US Leadgen/input_btn btn-default' is clicked on

2018-04-02 11:31:35 - [MESSAGE][PASSED] - Object: 'Object Repository/Page_Log in - US Leadgen/input_btn btn-default' is clicked on

2018-04-02 11:31:35 - [TEST_STEP][PASSED] - delay: Delayed 2 second(s)

2018-04-02 11:31:37 - [MESSAGE][PASSED] - Delayed 2 second(s)

2018-04-02 11:31:37 - [TEST_STEP][PASSED] - mouseOver: Object: 'Object Repository/Page_Home Page - US Leadgen (1)/span_Account' is hovered

2018-04-02 11:31:37 - [MESSAGE][PASSED] - Object: 'Object Repository/Page_Home Page - US Leadgen (1)/span_Account' is hovered

2018-04-02 11:31:37 - [TEST_STEP][PASSED] - delay: Delayed 2 second(s)

2018-04-02 11:31:39 - [MESSAGE][PASSED] - Delayed 2 second(s)

2018-04-02 11:31:39 - [TEST_STEP][PASSED] - click: Object: 'Object Repository/Page_Home Page - US Leadgen (2)/span_Sign Out' is clicked on

2018-04-02 11:31:40 - [MESSAGE][PASSED] - Object: 'Object Repository/Page_Home Page - US Leadgen (2)/span_Sign Out' is clicked on

2018-04-02 11:31:40 - [TEST_STEP][PASSED] - delay: Delayed 2 second(s)

2018-04-02 11:31:42 - [MESSAGE][PASSED] - Delayed 2 second(s)

2018-04-02 11:31:42 - [TEST_STEP][PASSED] - mouseOver: Object: 'Object Repository/Page_Home Page - US Leadgen/a_Sign In' is hovered

2018-04-02 11:31:42 - [MESSAGE][PASSED] - Object: 'Object Repository/Page_Home Page - US Leadgen/a_Sign In' is hovered

2018-04-02 11:31:42 - [TEST_STEP][PASSED] - click: Object: 'Object Repository/Page_Home Page - US Leadgen/a_Sign In' is clicked on

2018-04-02 11:31:42 - [MESSAGE][PASSED] - Object: 'Object Repository/Page_Home Page - US Leadgen/a_Sign In' is clicked on

2018-04-02 11:31:42 - [TEST_STEP][PASSED] - delay: Delayed 2 second(s)

2018-04-02 11:31:44 - [MESSAGE][PASSED] - Delayed 2 second(s)

2018-04-02 11:31:44 - [TEST_STEP][PASSED] - setText: Text 'jwaryas@bluewatertech.com' is set on object 'Object Repository/Page_Log in - US Leadgen/input_Email'

2018-04-02 11:31:44 - [MESSAGE][PASSED] - Text 'jwaryas@bluewatertech.com' is set on object 'Object Repository/Page_Log in - US Leadgen/input_Email'

2018-04-02 11:31:44 - [TEST_STEP][PASSED] - setText: Text 'Droop420!' is set on object 'Object Repository/Page_Log in - US Leadgen/input_Password'

2018-04-02 11:31:44 - [MESSAGE][PASSED] - Text 'Droop420!' is set on object 'Object Repository/Page_Log in - US Leadgen/input_Password'

2018-04-02 11:31:44 - [TEST_STEP][PASSED] - delay: Delayed 2 second(s)

2018-04-02 11:31:46 - [MESSAGE][PASSED] - Delayed 2 second(s)

2018-04-02 11:31:46 - [TEST_STEP][PASSED] - click: Object: 'Object Repository/Page_Log in - US Leadgen/input_btn btn-default' is clicked on

2018-04-02 11:31:47 - [MESSAGE][PASSED] - Object: 'Object Repository/Page_Log in - US Leadgen/input_btn btn-default' is clicked on

2018-04-02 11:31:47 - [TEST_STEP][PASSED] - delay: Delayed 2 second(s)

2018-04-02 11:31:49 - [MESSAGE][PASSED] - Delayed 2 second(s)

2018-04-02 11:31:49 - [TEST_STEP][PASSED] - mouseOver: Object: 'Object Repository/Page_Home Page - US Leadgen (1)/span_Account' is hovered

2018-04-02 11:31:49 - [MESSAGE][PASSED] - Object: 'Object Repository/Page_Home Page - US Leadgen (1)/span_Account' is hovered

2018-04-02 11:31:49 - [TEST_STEP][PASSED] - delay: Delayed 2 second(s)

2018-04-02 11:31:51 - [MESSAGE][PASSED] - Delayed 2 second(s)

2018-04-02 11:31:51 - [TEST_STEP][PASSED] - click: Object: 'Object Repository/Page_Home Page - US Leadgen (2)/span_Sign Out' is clicked on

2018-04-02 11:31:52 - [MESSAGE][PASSED] - Object: 'Object Repository/Page_Home Page - US Leadgen (2)/span_Sign Out' is clicked on

2018-04-02 11:31:52 - [TEST_STEP][PASSED] - delay: Delayed 2 second(s)

2018-04-02 11:31:54 - [MESSAGE][PASSED] - Delayed 2 second(s)

2018-04-02 11:31:54 - [TEST_STEP][PASSED] - mouseOver: Object: 'Object Repository/Page_Home Page - US Leadgen/a_Sign In' is hovered

2018-04-02 11:31:54 - [MESSAGE][PASSED] - Object: 'Object Repository/Page_Home Page - US Leadgen/a_Sign In' is hovered

2018-04-02 11:31:54 - [TEST_STEP][PASSED] - click: Object: 'Object Repository/Page_Home Page - US Leadgen/a_Sign In' is clicked on

2018-04-02 11:31:54 - [MESSAGE][PASSED] - Object: 'Object Repository/Page_Home Page - US Leadgen/a_Sign In' is clicked on

2018-04-02 11:31:54 - [TEST_STEP][PASSED] - delay: Delayed 2 second(s)

2018-04-02 11:31:56 - [MESSAGE][PASSED] - Delayed 2 second(s)

2018-04-02 11:31:56 - [TEST_STEP][PASSED] - setText: Text 'jwaryas@bluewatertech.com' is set on object 'Object Repository/Page_Log in - US Leadgen/input_Email'

2018-04-02 11:31:56 - [MESSAGE][PASSED] - Text 'jwaryas@bluewatertech.com' is set on object 'Object Repository/Page_Log in - US Leadgen/input_Email'

2018-04-02 11:31:56 - [TEST_STEP][PASSED] - setText: Text 'Droop420!' is set on object 'Object Repository/Page_Log in - US Leadgen/input_Password'

2018-04-02 11:31:56 - [MESSAGE][PASSED] - Text 'Droop420!' is set on object 'Object Repository/Page_Log in - US Leadgen/input_Password'

2018-04-02 11:31:56 - [TEST_STEP][PASSED] - delay: Delayed 2 second(s)

2018-04-02 11:31:58 - [MESSAGE][PASSED] - Delayed 2 second(s)

2018-04-02 11:31:58 - [TEST_STEP][PASSED] - click: Object: 'Object Repository/Page_Log in - US Leadgen/input_btn btn-default' is clicked on

2018-04-02 11:31:59 - [MESSAGE][PASSED] - Object: 'Object Repository/Page_Log in - US Leadgen/input_btn btn-default' is clicked on

2018-04-02 11:31:59 - [TEST_STEP][PASSED] - delay: Delayed 2 second(s)

2018-04-02 11:32:01 - [MESSAGE][PASSED] - Delayed 2 second(s)

2018-04-02 11:32:01 - [TEST_STEP][PASSED] - mouseOver: Object: 'Object Repository/Page_Home Page - US Leadgen (1)/span_Account' is hovered

2018-04-02 11:32:01 - [MESSAGE][PASSED] - Object: 'Object Repository/Page_Home Page - US Leadgen (1)/span_Account' is hovered

2018-04-02 11:32:01 - [TEST_STEP][PASSED] - delay: Delayed 2 second(s)

2018-04-02 11:32:03 - [MESSAGE][PASSED] - Delayed 2 second(s)

2018-04-02 11:32:03 - [TEST_STEP][PASSED] - click: Object: 'Object Repository/Page_Home Page - US Leadgen (2)/span_Sign Out' is clicked on

2018-04-02 11:32:03 - [MESSAGE][PASSED] - Object: 'Object Repository/Page_Home Page - US Leadgen (2)/span_Sign Out' is clicked on

2018-04-02 11:32:03 - [TEST_STEP][PASSED] - delay: Delayed 2 second(s)

2018-04-02 11:32:05 - [MESSAGE][PASSED] - Delayed 2 second(s)

2018-04-02 11:32:05 - [TEST_STEP][PASSED] - mouseOver: Object: 'Object Repository/Page_Home Page - US Leadgen/a_Sign In' is hovered

2018-04-02 11:32:06 - [MESSAGE][PASSED] - Object: 'Object Repository/Page_Home Page - US Leadgen/a_Sign In' is hovered

2018-04-02 11:32:06 - [TEST_STEP][PASSED] - click: Object: 'Object Repository/Page_Home Page - US Leadgen/a_Sign In' is clicked on

2018-04-02 11:32:06 - [MESSAGE][PASSED] - Object: 'Object Repository/Page_Home Page - US Leadgen/a_Sign In' is clicked on

2018-04-02 11:32:06 - [TEST_STEP][PASSED] - delay: Delayed 2 second(s)

2018-04-02 11:32:08 - [MESSAGE][PASSED] - Delayed 2 second(s)

2018-04-02 11:32:08 - [TEST_STEP][PASSED] - setText: Text 'jwaryas@bluewatertech.com' is set on object 'Object Repository/Page_Log in - US Leadgen/input_Email'

2018-04-02 11:32:08 - [MESSAGE][PASSED] - Text 'jwaryas@bluewatertech.com' is set on object 'Object Repository/Page_Log in - US Leadgen/input_Email'

2018-04-02 11:32:08 - [TEST_STEP][PASSED] - setText: Text 'Droop420!' is set on object 'Object Repository/Page_Log in - US Leadgen/input_Password'

2018-04-02 11:32:08 - [MESSAGE][PASSED] - Text 'Droop420!' is set on object 'Object Repository/Page_Log in - US Leadgen/input_Password'

2018-04-02 11:32:08 - [TEST_STEP][PASSED] - delay: Delayed 2 second(s)

2018-04-02 11:32:10 - [MESSAGE][PASSED] - Delayed 2 second(s)

2018-04-02 11:32:10 - [TEST_STEP][PASSED] - click: Object: 'Object Repository/Page_Log in - US Leadgen/input_btn btn-default' is clicked on

2018-04-02 11:32:11 - [MESSAGE][PASSED] - Object: 'Object Repository/Page_Log in - US Leadgen/input_btn btn-default' is clicked on

2018-04-02 11:32:11 - [TEST_STEP][PASSED] - delay: Delayed 2 second(s)

2018-04-02 11:32:13 - [MESSAGE][PASSED] - Delayed 2 second(s)

2018-04-02 11:32:13 - [TEST_STEP][PASSED] - mouseOver: Object: 'Object Repository/Page_Home Page - US Leadgen (1)/span_Account' is hovered

2018-04-02 11:32:13 - [MESSAGE][PASSED] - Object: 'Object Repository/Page_Home Page - US Leadgen (1)/span_Account' is hovered

2018-04-02 11:32:13 - [TEST_STEP][PASSED] - delay: Delayed 2 second(s)

2018-04-02 11:32:15 - [MESSAGE][PASSED] - Delayed 2 second(s)

2018-04-02 11:32:15 - [TEST_STEP][PASSED] - click: Object: 'Object Repository/Page_Home Page - US Leadgen (2)/span_Sign Out' is clicked on

2018-04-02 11:32:15 - [MESSAGE][PASSED] - Object: 'Object Repository/Page_Home Page - US Leadgen (2)/span_Sign Out' is clicked on

2018-04-02 11:32:15 - [TEST_STEP][PASSED] - delay: Delayed 2 second(s)

2018-04-02 11:32:17 - [MESSAGE][PASSED] - Delayed 2 second(s)

2018-04-02 11:32:17 - [TEST_STEP][PASSED] - mouseOver: Object: 'Object Repository/Page_Home Page - US Leadgen/a_Sign In' is hovered

2018-04-02 11:32:17 - [MESSAGE][PASSED] - Object: 'Object Repository/Page_Home Page - US Leadgen/a_Sign In' is hovered

2018-04-02 11:32:17 - [TEST_STEP][PASSED] - click: Object: 'Object Repository/Page_Home Page - US Leadgen/a_Sign In' is clicked on

2018-04-02 11:32:18 - [MESSAGE][PASSED] - Object: 'Object Repository/Page_Home Page - US Leadgen/a_Sign In' is clicked on

2018-04-02 11:32:18 - [TEST_STEP][PASSED] - delay: Delayed 2 second(s)

2018-04-02 11:32:20 - [MESSAGE][PASSED] - Delayed 2 second(s)

2018-04-02 11:32:20 - [TEST_STEP][PASSED] - setText: Text 'jwaryas@bluewatertech.com' is set on object 'Object Repository/Page_Log in - US Leadgen/input_Email'

2018-04-02 11:32:20 - [MESSAGE][PASSED] - Text 'jwaryas@bluewatertech.com' is set on object 'Object Repository/Page_Log in - US Leadgen/input_Email'

2018-04-02 11:32:20 - [TEST_STEP][PASSED] - setText: Text 'Droop420!' is set on object 'Object Repository/Page_Log in - US Leadgen/input_Password'

2018-04-02 11:32:20 - [MESSAGE][PASSED] - Text 'Droop420!' is set on object 'Object Repository/Page_Log in - US Leadgen/input_Password'

2018-04-02 11:32:20 - [TEST_STEP][PASSED] - delay: Delayed 2 second(s)

2018-04-02 11:32:22 - [MESSAGE][PASSED] - Delayed 2 second(s)

2018-04-02 11:32:22 - [TEST_STEP][PASSED] - click: Object: 'Object Repository/Page_Log in - US Leadgen/input_btn btn-default' is clicked on

2018-04-02 11:32:23 - [MESSAGE][PASSED] - Object: 'Object Repository/Page_Log in - US Leadgen/input_btn btn-default' is clicked on

2018-04-02 11:32:23 - [TEST_STEP][PASSED] - delay: Delayed 2 second(s)

2018-04-02 11:32:25 - [MESSAGE][PASSED] - Delayed 2 second(s)

2018-04-02 11:32:25 - [TEST_STEP][PASSED] - mouseOver: Object: 'Object Repository/Page_Home Page - US Leadgen (1)/span_Account' is hovered

2018-04-02 11:32:25 - [MESSAGE][PASSED] - Object: 'Object Repository/Page_Home Page - US Leadgen (1)/span_Account' is hovered

2018-04-02 11:32:25 - [TEST_STEP][PASSED] - delay: Delayed 2 second(s)

2018-04-02 11:32:27 - [MESSAGE][PASSED] - Delayed 2 second(s)

2018-04-02 11:32:27 - [TEST_STEP][PASSED] - click: Object: 'Object Repository/Page_Home Page - US Leadgen (2)/span_Sign Out' is clicked on

2018-04-02 11:32:27 - [MESSAGE][PASSED] - Object: 'Object Repository/Page_Home Page - US Leadgen (2)/span_Sign Out' is clicked on

2018-04-02 11:32:27 - [TEST_STEP][PASSED] - delay: Delayed 2 second(s)

2018-04-02 11:32:29 - [MESSAGE][PASSED] - Delayed 2 second(s)

2018-04-02 11:32:29 - [TEST_STEP][PASSED] - mouseOver: Object: 'Object Repository/Page_Home Page - US Leadgen/a_Sign In' is hovered

2018-04-02 11:32:29 - [MESSAGE][PASSED] - Object: 'Object Repository/Page_Home Page - US Leadgen/a_Sign In' is hovered

2018-04-02 11:32:29 - [TEST_STEP][PASSED] - click: Object: 'Object Repository/Page_Home Page - US Leadgen/a_Sign In' is clicked on

2018-04-02 11:32:30 - [MESSAGE][PASSED] - Object: 'Object Repository/Page_Home Page - US Leadgen/a_Sign In' is clicked on

2018-04-02 11:32:30 - [TEST_STEP][PASSED] - delay: Delayed 2 second(s)

2018-04-02 11:32:32 - [MESSAGE][PASSED] - Delayed 2 second(s)

2018-04-02 11:32:32 - [TEST_STEP][PASSED] - setText: Text 'jwaryas@bluewatertech.com' is set on object 'Object Repository/Page_Log in - US Leadgen/input_Email'

2018-04-02 11:32:32 - [MESSAGE][PASSED] - Text 'jwaryas@bluewatertech.com' is set on object 'Object Repository/Page_Log in - US Leadgen/input_Email'

2018-04-02 11:32:32 - [TEST_STEP][PASSED] - setText: Text 'Droop420!' is set on object 'Object Repository/Page_Log in - US Leadgen/input_Password'

2018-04-02 11:32:32 - [MESSAGE][PASSED] - Text 'Droop420!' is set on object 'Object Repository/Page_Log in - US Leadgen/input_Password'

2018-04-02 11:32:32 - [TEST_STEP][PASSED] - delay: Delayed 2 second(s)

2018-04-02 11:32:34 - [MESSAGE][PASSED] - Delayed 2 second(s)

2018-04-02 11:32:34 - [TEST_STEP][PASSED] - click: Object: 'Object Repository/Page_Log in - US Leadgen/input_btn btn-default' is clicked on

2018-04-02 11:32:35 - [MESSAGE][PASSED] - Object: 'Object Repository/Page_Log in - US Leadgen/input_btn btn-default' is clicked on

2018-04-02 11:32:35 - [TEST_STEP][PASSED] - delay: Delayed 2 second(s)

2018-04-02 11:32:37 - [MESSAGE][PASSED] - Delayed 2 second(s)

2018-04-02 11:32:37 - [TEST_STEP][PASSED] - mouseOver: Object: 'Object Repository/Page_Home Page - US Leadgen (1)/span_Account' is hovered

2018-04-02 11:32:37 - [MESSAGE][PASSED] - Object: 'Object Repository/Page_Home Page - US Leadgen (1)/span_Account' is hovered

2018-04-02 11:32:37 - [TEST_STEP][PASSED] - delay: Delayed 2 second(s)

2018-04-02 11:32:39 - [MESSAGE][PASSED] - Delayed 2 second(s)

2018-04-02 11:32:39 - [TEST_STEP][PASSED] - click: Object: 'Object Repository/Page_Home Page - US Leadgen (2)/span_Sign Out' is clicked on

2018-04-02 11:32:40 - [MESSAGE][PASSED] - Object: 'Object Repository/Page_Home Page - US Leadgen (2)/span_Sign Out' is clicked on

2018-04-02 11:32:40 - [TEST_STEP][PASSED] - delay: Delayed 2 second(s)

2018-04-02 11:32:42 - [MESSAGE][PASSED] - Delayed 2 second(s)

2018-04-02 11:32:42 - [TEST_STEP][PASSED] - mouseOver: Object: 'Object Repository/Page_Home Page - US Leadgen/a_Sign In' is hovered

2018-04-02 11:32:42 - [MESSAGE][PASSED] - Object: 'Object Repository/Page_Home Page - US Leadgen/a_Sign In' is hovered

2018-04-02 11:32:42 - [TEST_STEP][PASSED] - click: Object: 'Object Repository/Page_Home Page - US Leadgen/a_Sign In' is clicked on

2018-04-02 11:32:43 - [MESSAGE][PASSED] - Object: 'Object Repository/Page_Home Page - US Leadgen/a_Sign In' is clicked on

2018-04-02 11:32:43 - [TEST_STEP][PASSED] - delay: Delayed 2 second(s)

2018-04-02 11:32:45 - [MESSAGE][PASSED] - Delayed 2 second(s)

2018-04-02 11:32:45 - [TEST_STEP][PASSED] - setText: Text 'jwaryas@bluewatertech.com' is set on object 'Object Repository/Page_Log in - US Leadgen/input_Email'

2018-04-02 11:32:45 - [MESSAGE][PASSED] - Text 'jwaryas@bluewatertech.com' is set on object 'Object Repository/Page_Log in - US Leadgen/input_Email'

2018-04-02 11:32:45 - [TEST_STEP][PASSED] - setText: Text 'Droop420!' is set on object 'Object Repository/Page_Log in - US Leadgen/input_Password'

2018-04-02 11:32:45 - [MESSAGE][PASSED] - Text 'Droop420!' is set on object 'Object Repository/Page_Log in - US Leadgen/input_Password'

2018-04-02 11:32:45 - [TEST_STEP][PASSED] - delay: Delayed 2 second(s)

2018-04-02 11:32:47 - [MESSAGE][PASSED] - Delayed 2 second(s)

2018-04-02 11:32:47 - [TEST_STEP][PASSED] - click: Object: 'Object Repository/Page_Log in - US Leadgen/input_btn btn-default' is clicked on

2018-04-02 11:32:47 - [MESSAGE][PASSED] - Object: 'Object Repository/Page_Log in - US Leadgen/input_btn btn-default' is clicked on

2018-04-02 11:32:47 - [TEST_STEP][PASSED] - delay: Delayed 2 second(s)

2018-04-02 11:32:49 - [MESSAGE][PASSED] - Delayed 2 second(s)

2018-04-02 11:32:49 - [TEST_STEP][PASSED] - mouseOver: Object: 'Object Repository/Page_Home Page - US Leadgen (1)/span_Account' is hovered

2018-04-02 11:32:49 - [MESSAGE][PASSED] - Object: 'Object Repository/Page_Home Page - US Leadgen (1)/span_Account' is hovered

2018-04-02 11:32:49 - [TEST_STEP][PASSED] - delay: Delayed 2 second(s)

2018-04-02 11:32:51 - [MESSAGE][PASSED] - Delayed 2 second(s)

2018-04-02 11:32:51 - [TEST_STEP][PASSED] - click: Object: 'Object Repository/Page_Home Page - US Leadgen (2)/span_Sign Out' is clicked on

2018-04-02 11:32:53 - [MESSAGE][PASSED] - Object: 'Object Repository/Page_Home Page - US Leadgen (2)/span_Sign Out' is clicked on

2018-04-02 11:32:53 - [TEST_STEP][PASSED] - delay: Delayed 2 second(s)

2018-04-02 11:32:55 - [MESSAGE][PASSED] - Delayed 2 second(s)

2018-04-02 11:32:55 - [TEST_STEP][PASSED] - mouseOver: Object: 'Object Repository/Page_Home Page - US Leadgen/a_Sign In' is hovered

2018-04-02 11:32:55 - [MESSAGE][PASSED] - Object: 'Object Repository/Page_Home Page - US Leadgen/a_Sign In' is hovered

2018-04-02 11:32:55 - [TEST_STEP][PASSED] - click: Object: 'Object Repository/Page_Home Page - US Leadgen/a_Sign In' is clicked on

2018-04-02 11:32:55 - [MESSAGE][PASSED] - Object: 'Object Repository/Page_Home Page - US Leadgen/a_Sign In' is clicked on

2018-04-02 11:32:55 - [TEST_STEP][PASSED] - delay: Delayed 2 second(s)

2018-04-02 11:32:57 - [MESSAGE][PASSED] - Delayed 2 second(s)

2018-04-02 11:32:57 - [TEST_STEP][PASSED] - setText: Text 'jwaryas@bluewatertech.com' is set on object 'Object Repository/Page_Log in - US Leadgen/input_Email'

2018-04-02 11:32:57 - [MESSAGE][PASSED] - Text 'jwaryas@bluewatertech.com' is set on object 'Object Repository/Page_Log in - US Leadgen/input_Email'

2018-04-02 11:32:57 - [TEST_STEP][PASSED] - setText: Text 'Droop420!' is set on object 'Object Repository/Page_Log in - US Leadgen/input_Password'

2018-04-02 11:32:57 - [MESSAGE][PASSED] - Text 'Droop420!' is set on object 'Object Repository/Page_Log in - US Leadgen/input_Password'

2018-04-02 11:32:57 - [TEST_STEP][PASSED] - delay: Delayed 2 second(s)

2018-04-02 11:32:59 - [MESSAGE][PASSED] - Delayed 2 second(s)

2018-04-02 11:32:59 - [TEST_STEP][PASSED] - click: Object: 'Object Repository/Page_Log in - US Leadgen/input_btn btn-default' is clicked on

2018-04-02 11:33:00 - [MESSAGE][PASSED] - Object: 'Object Repository/Page_Log in - US Leadgen/input_btn btn-default' is clicked on

2018-04-02 11:33:00 - [TEST_STEP][PASSED] - delay: Delayed 2 second(s)

2018-04-02 11:33:02 - [MESSAGE][PASSED] - Delayed 2 second(s)

2018-04-02 11:33:02 - [TEST_STEP][PASSED] - mouseOver: Object: 'Object Repository/Page_Home Page - US Leadgen (1)/span_Account' is hovered

2018-04-02 11:33:02 - [MESSAGE][PASSED] - Object: 'Object Repository/Page_Home Page - US Leadgen (1)/span_Account' is hovered

2018-04-02 11:33:02 - [TEST_STEP][PASSED] - delay: Delayed 2 second(s)

2018-04-02 11:33:04 - [MESSAGE][PASSED] - Delayed 2 second(s)

2018-04-02 11:33:04 - [TEST_STEP][PASSED] - click: Object: 'Object Repository/Page_Home Page - US Leadgen (2)/span_Sign Out' is clicked on

2018-04-02 11:33:04 - [MESSAGE][PASSED] - Object: 'Object Repository/Page_Home Page - US Leadgen (2)/span_Sign Out' is clicked on

2018-04-02 11:33:04 - [TEST_STEP][PASSED] - delay: Delayed 2 second(s)

2018-04-02 11:33:06 - [MESSAGE][PASSED] - Delayed 2 second(s)

2018-04-02 11:33:06 - [TEST_STEP][PASSED] - mouseOver: Object: 'Object Repository/Page_Home Page - US Leadgen/a_Sign In' is hovered

2018-04-02 11:33:07 - [MESSAGE][PASSED] - Object: 'Object Repository/Page_Home Page - US Leadgen/a_Sign In' is hovered

2018-04-02 11:33:07 - [TEST_STEP][PASSED] - click: Object: 'Object Repository/Page_Home Page - US Leadgen/a_Sign In' is clicked on

2018-04-02 11:33:07 - [MESSAGE][PASSED] - Object: 'Object Repository/Page_Home Page - US Leadgen/a_Sign In' is clicked on

2018-04-02 11:33:07 - [TEST_STEP][PASSED] - delay: Delayed 2 second(s)

2018-04-02 11:33:09 - [MESSAGE][PASSED] - Delayed 2 second(s)

2018-04-02 11:33:09 - [TEST_STEP][PASSED] - setText: Text 'jwaryas@bluewatertech.com' is set on object 'Object Repository/Page_Log in - US Leadgen/input_Email'

2018-04-02 11:33:09 - [MESSAGE][PASSED] - Text 'jwaryas@bluewatertech.com' is set on object 'Object Repository/Page_Log in - US Leadgen/input_Email'

2018-04-02 11:33:09 - [TEST_STEP][PASSED] - setText: Text 'Droop420!' is set on object 'Object Repository/Page_Log in - US Leadgen/input_Password'

2018-04-02 11:33:09 - [MESSAGE][PASSED] - Text 'Droop420!' is set on object 'Object Repository/Page_Log in - US Leadgen/input_Password'

2018-04-02 11:33:09 - [TEST_STEP][PASSED] - delay: Delayed 2 second(s)

2018-04-02 11:33:11 - [MESSAGE][PASSED] - Delayed 2 second(s)

2018-04-02 11:33:11 - [TEST_STEP][PASSED] - click: Object: 'Object Repository/Page_Log in - US Leadgen/input_btn btn-default' is clicked on

2018-04-02 11:33:12 - [MESSAGE][PASSED] - Object: 'Object Repository/Page_Log in - US Leadgen/input_btn btn-default' is clicked on

2018-04-02 11:33:12 - [TEST_STEP][PASSED] - delay: Delayed 2 second(s)

2018-04-02 11:33:14 - [MESSAGE][PASSED] - Delayed 2 second(s)

2018-04-02 11:33:14 - [TEST_STEP][PASSED] - mouseOver: Object: 'Object Repository/Page_Home Page - US Leadgen (1)/span_Account' is hovered

2018-04-02 11:33:14 - [MESSAGE][PASSED] - Object: 'Object Repository/Page_Home Page - US Leadgen (1)/span_Account' is hovered

2018-04-02 11:33:14 - [TEST_STEP][PASSED] - delay: Delayed 2 second(s)

2018-04-02 11:33:16 - [MESSAGE][PASSED] - Delayed 2 second(s)

2018-04-02 11:33:16 - [TEST_STEP][PASSED] - click: Object: 'Object Repository/Page_Home Page - US Leadgen (2)/span_Sign Out' is clicked on

2018-04-02 11:33:16 - [MESSAGE][PASSED] - Object: 'Object Repository/Page_Home Page - US Leadgen (2)/span_Sign Out' is clicked on

2018-04-02 11:33:16 - [TEST_STEP][PASSED] - delay: Delayed 2 second(s)

2018-04-02 11:33:18 - [MESSAGE][PASSED] - Delayed 2 second(s)

2018-04-02 11:33:18 - [TEST_STEP][PASSED] - mouseOver: Object: 'Object Repository/Page_Home Page - US Leadgen/a_Sign In' is hovered

2018-04-02 11:33:19 - [MESSAGE][PASSED] - Object: 'Object Repository/Page_Home Page - US Leadgen/a_Sign In' is hovered

2018-04-02 11:33:19 - [TEST_STEP][PASSED] - click: Object: 'Object Repository/Page_Home Page - US Leadgen/a_Sign In' is clicked on

2018-04-02 11:33:19 - [MESSAGE][PASSED] - Object: 'Object Repository/Page_Home Page - US Leadgen/a_Sign In' is clicked on

2018-04-02 11:33:19 - [TEST_STEP][PASSED] - delay: Delayed 2 second(s)

2018-04-02 11:33:21 - [MESSAGE][PASSED] - Delayed 2 second(s)

2018-04-02 11:33:21 - [TEST_STEP][PASSED] - setText: Text 'jwaryas@bluewatertech.com' is set on object 'Object Repository/Page_Log in - US Leadgen/input_Email'

2018-04-02 11:33:21 - [MESSAGE][PASSED] - Text 'jwaryas@bluewatertech.com' is set on object 'Object Repository/Page_Log in - US Leadgen/input_Email'

2018-04-02 11:33:21 - [TEST_STEP][PASSED] - setText: Text 'Droop420!' is set on object 'Object Repository/Page_Log in - US Leadgen/input_Password'

2018-04-02 11:33:21 - [MESSAGE][PASSED] - Text 'Droop420!' is set on object 'Object Repository/Page_Log in - US Leadgen/input_Password'

2018-04-02 11:33:21 - [TEST_STEP][PASSED] - delay: Delayed 2 second(s)

2018-04-02 11:33:23 - [MESSAGE][PASSED] - Delayed 2 second(s)

2018-04-02 11:33:23 - [TEST_STEP][PASSED] - click: Object: 'Object Repository/Page_Log in - US Leadgen/input_btn btn-default' is clicked on

2018-04-02 11:33:24 - [MESSAGE][PASSED] - Object: 'Object Repository/Page_Log in - US Leadgen/input_btn btn-default' is clicked on

2018-04-02 11:33:24 - [TEST_STEP][PASSED] - delay: Delayed 2 second(s)

2018-04-02 11:33:26 - [MESSAGE][PASSED] - Delayed 2 second(s)

2018-04-02 11:33:26 - [TEST_STEP][PASSED] - mouseOver: Object: 'Object Repository/Page_Home Page - US Leadgen (1)/span_Account' is hovered

2018-04-02 11:33:26 - [MESSAGE][PASSED] - Object: 'Object Repository/Page_Home Page - US Leadgen (1)/span_Account' is hovered

2018-04-02 11:33:26 - [TEST_STEP][PASSED] - delay: Delayed 2 second(s)

2018-04-02 11:33:28 - [MESSAGE][PASSED] - Delayed 2 second(s)

2018-04-02 11:33:28 - [TEST_STEP][PASSED] - click: Object: 'Object Repository/Page_Home Page - US Leadgen (2)/span_Sign Out' is clicked on

2018-04-02 11:33:28 - [MESSAGE][PASSED] - Object: 'Object Repository/Page_Home Page - US Leadgen (2)/span_Sign Out' is clicked on

2018-04-02 11:33:28 - [TEST_STEP][PASSED] - delay: Delayed 2 second(s)

2018-04-02 11:33:30 - [MESSAGE][PASSED] - Delayed 2 second(s)

2018-04-02 11:33:30 - [TEST_STEP][PASSED] - mouseOver: Object: 'Object Repository/Page_Home Page - US Leadgen/a_Sign In' is hovered

2018-04-02 11:33:30 - [MESSAGE][PASSED] - Object: 'Object Repository/Page_Home Page - US Leadgen/a_Sign In' is hovered

2018-04-02 11:33:30 - [TEST_STEP][PASSED] - click: Object: 'Object Repository/Page_Home Page - US Leadgen/a_Sign In' is clicked on

2018-04-02 11:33:31 - [MESSAGE][PASSED] - Object: 'Object Repository/Page_Home Page - US Leadgen/a_Sign In' is clicked on

2018-04-02 11:33:31 - [TEST_STEP][PASSED] - delay: Delayed 2 second(s)

2018-04-02 11:33:33 - [MESSAGE][PASSED] - Delayed 2 second(s)

2018-04-02 11:33:33 - [TEST_STEP][PASSED] - setText: Text 'jwaryas@bluewatertech.com' is set on object 'Object Repository/Page_Log in - US Leadgen/input_Email'

2018-04-02 11:33:33 - [MESSAGE][PASSED] - Text 'jwaryas@bluewatertech.com' is set on object 'Object Repository/Page_Log in - US Leadgen/input_Email'

2018-04-02 11:33:33 - [TEST_STEP][PASSED] - setText: Text 'Droop420!' is set on object 'Object Repository/Page_Log in - US Leadgen/input_Password'

2018-04-02 11:33:33 - [MESSAGE][PASSED] - Text 'Droop420!' is set on object 'Object Repository/Page_Log in - US Leadgen/input_Password'

2018-04-02 11:33:33 - [TEST_STEP][PASSED] - delay: Delayed 2 second(s)

2018-04-02 11:33:35 - [MESSAGE][PASSED] - Delayed 2 second(s)

2018-04-02 11:33:35 - [TEST_STEP][PASSED] - click: Object: 'Object Repository/Page_Log in - US Leadgen/input_btn btn-default' is clicked on

2018-04-02 11:33:36 - [MESSAGE][PASSED] - Object: 'Object Repository/Page_Log in - US Leadgen/input_btn btn-default' is clicked on

2018-04-02 11:33:36 - [TEST_STEP][PASSED] - delay: Delayed 2 second(s)

2018-04-02 11:33:38 - [MESSAGE][PASSED] - Delayed 2 second(s)

2018-04-02 11:33:38 - [TEST_STEP][PASSED] - mouseOver: Object: 'Object Repository/Page_Home Page - US Leadgen (1)/span_Account' is hovered

2018-04-02 11:33:38 - [MESSAGE][PASSED] - Object: 'Object Repository/Page_Home Page - US Leadgen (1)/span_Account' is hovered

2018-04-02 11:33:38 - [TEST_STEP][PASSED] - delay: Delayed 2 second(s)

2018-04-02 11:33:40 - [MESSAGE][PASSED] - Delayed 2 second(s)

2018-04-02 11:33:40 - [TEST_STEP][PASSED] - click: Object: 'Object Repository/Page_Home Page - US Leadgen (2)/span_Sign Out' is clicked on

2018-04-02 11:33:40 - [MESSAGE][PASSED] - Object: 'Object Repository/Page_Home Page - US Leadgen (2)/span_Sign Out' is clicked on

2018-04-02 11:33:40 - [TEST_STEP][PASSED] - delay: Delayed 2 second(s)

2018-04-02 11:33:42 - [MESSAGE][PASSED] - Delayed 2 second(s)

2018-04-02 11:33:42 - [TEST_STEP][PASSED] - mouseOver: Object: 'Object Repository/Page_Home Page - US Leadgen/a_Sign In' is hovered

2018-04-02 11:33:43 - [MESSAGE][PASSED] - Object: 'Object Repository/Page_Home Page - US Leadgen/a_Sign In' is hovered

2018-04-02 11:33:43 - [TEST_STEP][PASSED] - click: Object: 'Object Repository/Page_Home Page - US Leadgen/a_Sign In' is clicked on

2018-04-02 11:33:44 - [MESSAGE][PASSED] - Object: 'Object Repository/Page_Home Page - US Leadgen/a_Sign In' is clicked on

2018-04-02 11:33:44 - [TEST_STEP][PASSED] - delay: Delayed 2 second(s)

2018-04-02 11:33:46 - [MESSAGE][PASSED] - Delayed 2 second(s)

2018-04-02 11:33:46 - [TEST_STEP][PASSED] - setText: Text 'jwaryas@bluewatertech.com' is set on object 'Object Repository/Page_Log in - US Leadgen/input_Email'

2018-04-02 11:33:46 - [MESSAGE][PASSED] - Text 'jwaryas@bluewatertech.com' is set on object 'Object Repository/Page_Log in - US Leadgen/input_Email'

2018-04-02 11:33:46 - [TEST_STEP][PASSED] - setText: Text 'Droop420!' is set on object 'Object Repository/Page_Log in - US Leadgen/input_Password'

2018-04-02 11:33:46 - [MESSAGE][PASSED] - Text 'Droop420!' is set on object 'Object Repository/Page_Log in - US Leadgen/input_Password'

2018-04-02 11:33:46 - [TEST_STEP][PASSED] - delay: Delayed 2 second(s)

2018-04-02 11:33:48 - [MESSAGE][PASSED] - Delayed 2 second(s)

2018-04-02 11:33:48 - [TEST_STEP][PASSED] - click: Object: 'Object Repository/Page_Log in - US Leadgen/input_btn btn-default' is clicked on

2018-04-02 11:33:48 - [MESSAGE][PASSED] - Object: 'Object Repository/Page_Log in - US Leadgen/input_btn btn-default' is clicked on

2018-04-02 11:33:48 - [TEST_STEP][PASSED] - delay: Delayed 2 second(s)

2018-04-02 11:33:50 - [MESSAGE][PASSED] - Delayed 2 second(s)

2018-04-02 11:33:50 - [TEST_STEP][PASSED] - mouseOver: Object: 'Object Repository/Page_Home Page - US Leadgen (1)/span_Account' is hovered

2018-04-02 11:33:51 - [MESSAGE][PASSED] - Object: 'Object Repository/Page_Home Page - US Leadgen (1)/span_Account' is hovered

2018-04-02 11:33:51 - [TEST_STEP][PASSED] - delay: Delayed 2 second(s)

2018-04-02 11:33:53 - [MESSAGE][PASSED] - Delayed 2 second(s)

2018-04-02 11:33:53 - [TEST_STEP][PASSED] - click: Object: 'Object Repository/Page_Home Page - US Leadgen (2)/span_Sign Out' is clicked on

2018-04-02 11:33:53 - [MESSAGE][PASSED] - Object: 'Object Repository/Page_Home Page - US Leadgen (2)/span_Sign Out' is clicked on

2018-04-02 11:33:53 - [TEST_STEP][PASSED] - delay: Delayed 2 second(s)

2018-04-02 11:33:55 - [MESSAGE][PASSED] - Delayed 2 second(s)

2018-04-02 11:33:55 - [TEST_STEP][PASSED] - mouseOver: Object: 'Object Repository/Page_Home Page - US Leadgen/a_Sign In' is hovered

2018-04-02 11:33:55 - [MESSAGE][PASSED] - Object: 'Object Repository/Page_Home Page - US Leadgen/a_Sign In' is hovered

2018-04-02 11:33:55 - [TEST_STEP][PASSED] - click: Object: 'Object Repository/Page_Home Page - US Leadgen/a_Sign In' is clicked on

2018-04-02 11:33:56 - [MESSAGE][PASSED] - Object: 'Object Repository/Page_Home Page - US Leadgen/a_Sign In' is clicked on

2018-04-02 11:33:56 - [TEST_STEP][PASSED] - delay: Delayed 2 second(s)

2018-04-02 11:33:58 - [MESSAGE][PASSED] - Delayed 2 second(s)

2018-04-02 11:33:58 - [TEST_STEP][PASSED] - setText: Text 'jwaryas@bluewatertech.com' is set on object 'Object Repository/Page_Log in - US Leadgen/input_Email'

2018-04-02 11:33:58 - [MESSAGE][PASSED] - Text 'jwaryas@bluewatertech.com' is set on object 'Object Repository/Page_Log in - US Leadgen/input_Email'

2018-04-02 11:33:58 - [TEST_STEP][PASSED] - setText: Text 'Droop420!' is set on object 'Object Repository/Page_Log in - US Leadgen/input_Password'

2018-04-02 11:33:58 - [MESSAGE][PASSED] - Text 'Droop420!' is set on object 'Object Repository/Page_Log in - US Leadgen/input_Password'

2018-04-02 11:33:58 - [TEST_STEP][PASSED] - delay: Delayed 2 second(s)

2018-04-02 11:34:00 - [MESSAGE][PASSED] - Delayed 2 second(s)

2018-04-02 11:34:00 - [TEST_STEP][PASSED] - click: Object: 'Object Repository/Page_Log in - US Leadgen/input_btn btn-default' is clicked on

2018-04-02 11:34:00 - [MESSAGE][PASSED] - Object: 'Object Repository/Page_Log in - US Leadgen/input_btn btn-default' is clicked on

2018-04-02 11:34:00 - [TEST_STEP][PASSED] - delay: Delayed 2 second(s)

2018-04-02 11:34:02 - [MESSAGE][PASSED] - Delayed 2 second(s)

2018-04-02 11:34:02 - [TEST_STEP][PASSED] - mouseOver: Object: 'Object Repository/Page_Home Page - US Leadgen (1)/span_Account' is hovered

2018-04-02 11:34:03 - [MESSAGE][PASSED] - Object: 'Object Repository/Page_Home Page - US Leadgen (1)/span_Account' is hovered

2018-04-02 11:34:03 - [TEST_STEP][PASSED] - delay: Delayed 2 second(s)

2018-04-02 11:34:05 - [MESSAGE][PASSED] - Delayed 2 second(s)

2018-04-02 11:34:05 - [TEST_STEP][PASSED] - click: Object: 'Object Repository/Page_Home Page - US Leadgen (2)/span_Sign Out' is clicked on

2018-04-02 11:34:05 - [MESSAGE][PASSED] - Object: 'Object Repository/Page_Home Page - US Leadgen (2)/span_Sign Out' is clicked on

2018-04-02 11:34:05 - [TEST_STEP][PASSED] - delay: Delayed 2 second(s)

2018-04-02 11:34:07 - [MESSAGE][PASSED] - Delayed 2 second(s)

2018-04-02 11:34:07 - [TEST_STEP][PASSED] - mouseOver: Object: 'Object Repository/Page_Home Page - US Leadgen/a_Sign In' is hovered

2018-04-02 11:34:07 - [MESSAGE][PASSED] - Object: 'Object Repository/Page_Home Page - US Leadgen/a_Sign In' is hovered

2018-04-02 11:34:07 - [TEST_STEP][PASSED] - click: Object: 'Object Repository/Page_Home Page - US Leadgen/a_Sign In' is clicked on

2018-04-02 11:34:08 - [MESSAGE][PASSED] - Object: 'Object Repository/Page_Home Page - US Leadgen/a_Sign In' is clicked on

2018-04-02 11:34:08 - [TEST_STEP][PASSED] - delay: Delayed 2 second(s)

2018-04-02 11:34:10 - [MESSAGE][PASSED] - Delayed 2 second(s)

2018-04-02 11:34:10 - [TEST_STEP][PASSED] - setText: Text 'jwaryas@bluewatertech.com' is set on object 'Object Repository/Page_Log in - US Leadgen/input_Email'

2018-04-02 11:34:10 - [MESSAGE][PASSED] - Text 'jwaryas@bluewatertech.com' is set on object 'Object Repository/Page_Log in - US Leadgen/input_Email'

2018-04-02 11:34:10 - [TEST_STEP][PASSED] - setText: Text 'Droop420!' is set on object 'Object Repository/Page_Log in - US Leadgen/input_Password'

2018-04-02 11:34:10 - [MESSAGE][PASSED] - Text 'Droop420!' is set on object 'Object Repository/Page_Log in - US Leadgen/input_Password'

2018-04-02 11:34:10 - [TEST_STEP][PASSED] - delay: Delayed 2 second(s)

2018-04-02 11:34:12 - [MESSAGE][PASSED] - Delayed 2 second(s)

2018-04-02 11:34:12 - [TEST_STEP][PASSED] - click: Object: 'Object Repository/Page_Log in - US Leadgen/input_btn btn-default' is clicked on

2018-04-02 11:34:12 - [MESSAGE][PASSED] - Object: 'Object Repository/Page_Log in - US Leadgen/input_btn btn-default' is clicked on

2018-04-02 11:34:12 - [TEST_STEP][PASSED] - delay: Delayed 2 second(s)

2018-04-02 11:34:14 - [MESSAGE][PASSED] - Delayed 2 second(s)

2018-04-02 11:34:14 - [TEST_STEP][PASSED] - mouseOver: Object: 'Object Repository/Page_Home Page - US Leadgen (1)/span_Account' is hovered

2018-04-02 11:34:14 - [MESSAGE][PASSED] - Object: 'Object Repository/Page_Home Page - US Leadgen (1)/span_Account' is hovered

2018-04-02 11:34:14 - [TEST_STEP][PASSED] - delay: Delayed 2 second(s)

2018-04-02 11:34:16 - [MESSAGE][PASSED] - Delayed 2 second(s)

2018-04-02 11:34:16 - [TEST_STEP][PASSED] - click: Object: 'Object Repository/Page_Home Page - US Leadgen (2)/span_Sign Out' is clicked on

2018-04-02 11:34:17 - [MESSAGE][PASSED] - Object: 'Object Repository/Page_Home Page - US Leadgen (2)/span_Sign Out' is clicked on

2018-04-02 11:34:17 - [TEST_STEP][PASSED] - delay: Delayed 2 second(s)

2018-04-02 11:34:19 - [MESSAGE][PASSED] - Delayed 2 second(s)

2018-04-02 11:34:19 - [TEST_STEP][PASSED] - mouseOver: Object: 'Object Repository/Page_Home Page - US Leadgen/a_Sign In' is hovered

2018-04-02 11:34:19 - [MESSAGE][PASSED] - Object: 'Object Repository/Page_Home Page - US Leadgen/a_Sign In' is hovered

2018-04-02 11:34:19 - [TEST_STEP][PASSED] - click: Object: 'Object Repository/Page_Home Page - US Leadgen/a_Sign In' is clicked on

2018-04-02 11:34:20 - [MESSAGE][PASSED] - Object: 'Object Repository/Page_Home Page - US Leadgen/a_Sign In' is clicked on

2018-04-02 11:34:20 - [TEST_STEP][PASSED] - delay: Delayed 2 second(s)

2018-04-02 11:34:22 - [MESSAGE][PASSED] - Delayed 2 second(s)

2018-04-02 11:34:22 - [TEST_STEP][PASSED] - setText: Text 'jwaryas@bluewatertech.com' is set on object 'Object Repository/Page_Log in - US Leadgen/input_Email'

2018-04-02 11:34:22 - [MESSAGE][PASSED] - Text 'jwaryas@bluewatertech.com' is set on object 'Object Repository/Page_Log in - US Leadgen/input_Email'

2018-04-02 11:34:22 - [TEST_STEP][PASSED] - setText: Text 'Droop420!' is set on object 'Object Repository/Page_Log in - US Leadgen/input_Password'

2018-04-02 11:34:22 - [MESSAGE][PASSED] - Text 'Droop420!' is set on object 'Object Repository/Page_Log in - US Leadgen/input_Password'

2018-04-02 11:34:22 - [TEST_STEP][PASSED] - delay: Delayed 2 second(s)

2018-04-02 11:34:24 - [MESSAGE][PASSED] - Delayed 2 second(s)

2018-04-02 11:34:24 - [TEST_STEP][PASSED] - click: Object: 'Object Repository/Page_Log in - US Leadgen/input_btn btn-default' is clicked on

2018-04-02 11:34:24 - [MESSAGE][PASSED] - Object: 'Object Repository/Page_Log in - US Leadgen/input_btn btn-default' is clicked on

2018-04-02 11:34:24 - [TEST_STEP][PASSED] - delay: Delayed 2 second(s)

2018-04-02 11:34:26 - [MESSAGE][PASSED] - Delayed 2 second(s)

2018-04-02 11:34:26 - [TEST_STEP][PASSED] - mouseOver: Object: 'Object Repository/Page_Home Page - US Leadgen (1)/span_Account' is hovered

2018-04-02 11:34:26 - [MESSAGE][PASSED] - Object: 'Object Repository/Page_Home Page - US Leadgen (1)/span_Account' is hovered

2018-04-02 11:34:26 - [TEST_STEP][PASSED] - delay: Delayed 2 second(s)

2018-04-02 11:34:28 - [MESSAGE][PASSED] - Delayed 2 second(s)

2018-04-02 11:34:28 - [TEST_STEP][PASSED] - click: Object: 'Object Repository/Page_Home Page - US Leadgen (2)/span_Sign Out' is clicked on

2018-04-02 11:34:29 - [MESSAGE][PASSED] - Object: 'Object Repository/Page_Home Page - US Leadgen (2)/span_Sign Out' is clicked on

2018-04-02 11:34:29 - [TEST_STEP][PASSED] - delay: Delayed 2 second(s)

2018-04-02 11:34:31 - [MESSAGE][PASSED] - Delayed 2 second(s)

2018-04-02 11:34:31 - [TEST_STEP][PASSED] - mouseOver: Object: 'Object Repository/Page_Home Page - US Leadgen/a_Sign In' is hovered

2018-04-02 11:34:31 - [MESSAGE][PASSED] - Object: 'Object Repository/Page_Home Page - US Leadgen/a_Sign In' is hovered

2018-04-02 11:34:31 - [TEST_STEP][PASSED] - click: Object: 'Object Repository/Page_Home Page - US Leadgen/a_Sign In' is clicked on

2018-04-02 11:34:32 - [MESSAGE][PASSED] - Object: 'Object Repository/Page_Home Page - US Leadgen/a_Sign In' is clicked on

2018-04-02 11:34:32 - [TEST_STEP][PASSED] - delay: Delayed 2 second(s)

2018-04-02 11:34:34 - [MESSAGE][PASSED] - Delayed 2 second(s)

2018-04-02 11:34:34 - [TEST_STEP][PASSED] - setText: Text 'jwaryas@bluewatertech.com' is set on object 'Object Repository/Page_Log in - US Leadgen/input_Email'

2018-04-02 11:34:34 - [MESSAGE][PASSED] - Text 'jwaryas@bluewatertech.com' is set on object 'Object Repository/Page_Log in - US Leadgen/input_Email'

2018-04-02 11:34:34 - [TEST_STEP][PASSED] - setText: Text 'Droop420!' is set on object 'Object Repository/Page_Log in - US Leadgen/input_Password'

2018-04-02 11:34:34 - [MESSAGE][PASSED] - Text 'Droop420!' is set on object 'Object Repository/Page_Log in - US Leadgen/input_Password'

2018-04-02 11:34:34 - [TEST_STEP][PASSED] - delay: Delayed 2 second(s)

2018-04-02 11:34:36 - [MESSAGE][PASSED] - Delayed 2 second(s)

2018-04-02 11:34:36 - [TEST_STEP][PASSED] - click: Object: 'Object Repository/Page_Log in - US Leadgen/input_btn btn-default' is clicked on

2018-04-02 11:34:36 - [MESSAGE][PASSED] - Object: 'Object Repository/Page_Log in - US Leadgen/input_btn btn-default' is clicked on

2018-04-02 11:34:36 - [TEST_STEP][PASSED] - delay: Delayed 2 second(s)

2018-04-02 11:34:38 - [MESSAGE][PASSED] - Delayed 2 second(s)

2018-04-02 11:34:38 - [TEST_STEP][PASSED] - mouseOver: Object: 'Object Repository/Page_Home Page - US Leadgen (1)/span_Account' is hovered

2018-04-02 11:34:38 - [MESSAGE][PASSED] - Object: 'Object Repository/Page_Home Page - US Leadgen (1)/span_Account' is hovered

2018-04-02 11:34:38 - [TEST_STEP][PASSED] - delay: Delayed 2 second(s)

2018-04-02 11:34:40 - [MESSAGE][PASSED] - Delayed 2 second(s)

2018-04-02 11:34:40 - [TEST_STEP][PASSED] - click: Object: 'Object Repository/Page_Home Page - US Leadgen (2)/span_Sign Out' is clicked on

2018-04-02 11:34:41 - [MESSAGE][PASSED] - Object: 'Object Repository/Page_Home Page - US Leadgen (2)/span_Sign Out' is clicked on

2018-04-02 11:34:41 - [TEST_STEP][PASSED] - delay: Delayed 2 second(s)

2018-04-02 11:34:43 - [MESSAGE][PASSED] - Delayed 2 second(s)

2018-04-02 11:34:43 - [TEST_STEP][PASSED] - mouseOver: Object: 'Object Repository/Page_Home Page - US Leadgen/a_Sign In' is hovered

2018-04-02 11:34:43 - [MESSAGE][PASSED] - Object: 'Object Repository/Page_Home Page - US Leadgen/a_Sign In' is hovered

2018-04-02 11:34:43 - [TEST_STEP][PASSED] - click: Object: 'Object Repository/Page_Home Page - US Leadgen/a_Sign In' is clicked on

2018-04-02 11:34:43 - [MESSAGE][PASSED] - Object: 'Object Repository/Page_Home Page - US Leadgen/a_Sign In' is clicked on

2018-04-02 11:34:43 - [TEST_STEP][PASSED] - delay: Delayed 2 second(s)

2018-04-02 11:34:45 - [MESSAGE][PASSED] - Delayed 2 second(s)

2018-04-02 11:34:45 - [TEST_STEP][PASSED] - setText: Text 'jwaryas@bluewatertech.com' is set on object 'Object Repository/Page_Log in - US Leadgen/input_Email'

2018-04-02 11:34:46 - [MESSAGE][PASSED] - Text 'jwaryas@bluewatertech.com' is set on object 'Object Repository/Page_Log in - US Leadgen/input_Email'

2018-04-02 11:34:46 - [TEST_STEP][PASSED] - setText: Text 'Droop420!' is set on object 'Object Repository/Page_Log in - US Leadgen/input_Password'

2018-04-02 11:34:46 - [MESSAGE][PASSED] - Text 'Droop420!' is set on object 'Object Repository/Page_Log in - US Leadgen/input_Password'

2018-04-02 11:34:46 - [TEST_STEP][PASSED] - delay: Delayed 2 second(s)

2018-04-02 11:34:48 - [MESSAGE][PASSED] - Delayed 2 second(s)

2018-04-02 11:34:48 - [TEST_STEP][PASSED] - click: Object: 'Object Repository/Page_Log in - US Leadgen/input_btn btn-default' is clicked on

2018-04-02 11:34:48 - [MESSAGE][PASSED] - Object: 'Object Repository/Page_Log in - US Leadgen/input_btn btn-default' is clicked on

2018-04-02 11:34:48 - [TEST_STEP][PASSED] - delay: Delayed 2 second(s)

2018-04-02 11:34:50 - [MESSAGE][PASSED] - Delayed 2 second(s)

2018-04-02 11:34:50 - [TEST_STEP][PASSED] - mouseOver: Object: 'Object Repository/Page_Home Page - US Leadgen (1)/span_Account' is hovered

2018-04-02 11:34:52 - [MESSAGE][PASSED] - Object: 'Object Repository/Page_Home Page - US Leadgen (1)/span_Account' is hovered

2018-04-02 11:34:52 - [TEST_STEP][PASSED] - delay: Delayed 2 second(s)

2018-04-02 11:34:54 - [MESSAGE][PASSED] - Delayed 2 second(s)

2018-04-02 11:34:54 - [TEST_STEP][PASSED] - click: Object: 'Object Repository/Page_Home Page - US Leadgen (2)/span_Sign Out' is clicked on

2018-04-02 11:34:55 - [MESSAGE][PASSED] - Object: 'Object Repository/Page_Home Page - US Leadgen (2)/span_Sign Out' is clicked on

2018-04-02 11:34:55 - [TEST_STEP][PASSED] - delay: Delayed 2 second(s)

2018-04-02 11:34:57 - [MESSAGE][PASSED] - Delayed 2 second(s)

2018-04-02 11:34:57 - [TEST_STEP][PASSED] - mouseOver: Object: 'Object Repository/Page_Home Page - US Leadgen/a_Sign In' is hovered

2018-04-02 11:34:57 - [MESSAGE][PASSED] - Object: 'Object Repository/Page_Home Page - US Leadgen/a_Sign In' is hovered

2018-04-02 11:34:57 - [TEST_STEP][PASSED] - click: Object: 'Object Repository/Page_Home Page - US Leadgen/a_Sign In' is clicked on

2018-04-02 11:34:57 - [MESSAGE][PASSED] - Object: 'Object Repository/Page_Home Page - US Leadgen/a_Sign In' is clicked on

2018-04-02 11:34:57 - [TEST_STEP][PASSED] - delay: Delayed 2 second(s)

2018-04-02 11:34:59 - [MESSAGE][PASSED] - Delayed 2 second(s)

2018-04-02 11:34:59 - [TEST_STEP][PASSED] - setText: Text 'jwaryas@bluewatertech.com' is set on object 'Object Repository/Page_Log in - US Leadgen/input_Email'

2018-04-02 11:34:59 - [MESSAGE][PASSED] - Text 'jwaryas@bluewatertech.com' is set on object 'Object Repository/Page_Log in - US Leadgen/input_Email'

2018-04-02 11:34:59 - [TEST_STEP][PASSED] - setText: Text 'Droop420!' is set on object 'Object Repository/Page_Log in - US Leadgen/input_Password'

2018-04-02 11:34:59 - [MESSAGE][PASSED] - Text 'Droop420!' is set on object 'Object Repository/Page_Log in - US Leadgen/input_Password'

2018-04-02 11:34:59 - [TEST_STEP][PASSED] - delay: Delayed 2 second(s)

2018-04-02 11:35:01 - [MESSAGE][PASSED] - Delayed 2 second(s)

2018-04-02 11:35:01 - [TEST_STEP][PASSED] - click: Object: 'Object Repository/Page_Log in - US Leadgen/input_btn btn-default' is clicked on

2018-04-02 11:35:02 - [MESSAGE][PASSED] - Object: 'Object Repository/Page_Log in - US Leadgen/input_btn btn-default' is clicked on

2018-04-02 11:35:02 - [TEST_STEP][PASSED] - delay: Delayed 2 second(s)

2018-04-02 11:35:04 - [MESSAGE][PASSED] - Delayed 2 second(s)

2018-04-02 11:35:04 - [TEST_STEP][PASSED] - mouseOver: Object: 'Object Repository/Page_Home Page - US Leadgen (1)/span_Account' is hovered

2018-04-02 11:35:05 - [MESSAGE][PASSED] - Object: 'Object Repository/Page_Home Page - US Leadgen (1)/span_Account' is hovered

2018-04-02 11:35:05 - [TEST_STEP][PASSED] - delay: Delayed 2 second(s)

2018-04-02 11:35:07 - [MESSAGE][PASSED] - Delayed 2 second(s)

2018-04-02 11:35:07 - [TEST_STEP][PASSED] - click: Object: 'Object Repository/Page_Home Page - US Leadgen (2)/span_Sign Out' is clicked on

2018-04-02 11:35:07 - [MESSAGE][PASSED] - Object: 'Object Repository/Page_Home Page - US Leadgen (2)/span_Sign Out' is clicked on

2018-04-02 11:35:07 - [TEST_STEP][PASSED] - delay: Delayed 2 second(s)

2018-04-02 11:35:09 - [MESSAGE][PASSED] - Delayed 2 second(s)

2018-04-02 11:35:09 - [TEST_STEP][PASSED] - mouseOver: Object: 'Object Repository/Page_Home Page - US Leadgen/a_Sign In' is hovered

2018-04-02 11:35:09 - [MESSAGE][PASSED] - Object: 'Object Repository/Page_Home Page - US Leadgen/a_Sign In' is hovered

2018-04-02 11:35:09 - [TEST_STEP][PASSED] - click: Object: 'Object Repository/Page_Home Page - US Leadgen/a_Sign In' is clicked on

2018-04-02 11:35:10 - [MESSAGE][PASSED] - Object: 'Object Repository/Page_Home Page - US Leadgen/a_Sign In' is clicked on

2018-04-02 11:35:10 - [TEST_STEP][PASSED] - delay: Delayed 2 second(s)

2018-04-02 11:35:12 - [MESSAGE][PASSED] - Delayed 2 second(s)

2018-04-02 11:35:12 - [TEST_STEP][PASSED] - setText: Text 'jwaryas@bluewatertech.com' is set on object 'Object Repository/Page_Log in - US Leadgen/input_Email'

2018-04-02 11:35:13 - [MESSAGE][PASSED] - Text 'jwaryas@bluewatertech.com' is set on object 'Object Repository/Page_Log in - US Leadgen/input_Email'

2018-04-02 11:35:13 - [TEST_STEP][PASSED] - setText: Text 'Droop420!' is set on object 'Object Repository/Page_Log in - US Leadgen/input_Password'

2018-04-02 11:35:13 - [MESSAGE][PASSED] - Text 'Droop420!' is set on object 'Object Repository/Page_Log in - US Leadgen/input_Password'

2018-04-02 11:35:13 - [TEST_STEP][PASSED] - delay: Delayed 2 second(s)

2018-04-02 11:35:15 - [MESSAGE][PASSED] - Delayed 2 second(s)

2018-04-02 11:35:15 - [TEST_STEP][PASSED] - click: Object: 'Object Repository/Page_Log in - US Leadgen/input_btn btn-default' is clicked on

2018-04-02 11:35:16 - [MESSAGE][PASSED] - Object: 'Object Repository/Page_Log in - US Leadgen/input_btn btn-default' is clicked on

2018-04-02 11:35:16 - [TEST_STEP][PASSED] - delay: Delayed 2 second(s)

2018-04-02 11:35:18 - [MESSAGE][PASSED] - Delayed 2 second(s)

2018-04-02 11:35:18 - [TEST_STEP][PASSED] - mouseOver: Object: 'Object Repository/Page_Home Page - US Leadgen (1)/span_Account' is hovered

2018-04-02 11:35:18 - [MESSAGE][PASSED] - Object: 'Object Repository/Page_Home Page - US Leadgen (1)/span_Account' is hovered

2018-04-02 11:35:18 - [TEST_STEP][PASSED] - delay: Delayed 2 second(s)

2018-04-02 11:35:20 - [MESSAGE][PASSED] - Delayed 2 second(s)

2018-04-02 11:35:20 - [TEST_STEP][PASSED] - click: Object: 'Object Repository/Page_Home Page - US Leadgen (2)/span_Sign Out' is clicked on

2018-04-02 11:35:21 - [MESSAGE][PASSED] - Object: 'Object Repository/Page_Home Page - US Leadgen (2)/span_Sign Out' is clicked on

2018-04-02 11:35:21 - [TEST_STEP][PASSED] - delay: Delayed 2 second(s)

2018-04-02 11:35:23 - [MESSAGE][PASSED] - Delayed 2 second(s)

2018-04-02 11:35:23 - [TEST_STEP][PASSED] - mouseOver: Object: 'Object Repository/Page_Home Page - US Leadgen/a_Sign In' is hovered

2018-04-02 11:35:23 - [MESSAGE][PASSED] - Object: 'Object Repository/Page_Home Page - US Leadgen/a_Sign In' is hovered

2018-04-02 11:35:23 - [TEST_STEP][PASSED] - click: Object: 'Object Repository/Page_Home Page - US Leadgen/a_Sign In' is clicked on

2018-04-02 11:35:23 - [MESSAGE][PASSED] - Object: 'Object Repository/Page_Home Page - US Leadgen/a_Sign In' is clicked on

2018-04-02 11:35:23 - [TEST_STEP][PASSED] - delay: Delayed 2 second(s)

2018-04-02 11:35:25 - [MESSAGE][PASSED] - Delayed 2 second(s)

2018-04-02 11:35:25 - [TEST_STEP][PASSED] - setText: Text 'jwaryas@bluewatertech.com' is set on object 'Object Repository/Page_Log in - US Leadgen/input_Email'

2018-04-02 11:35:25 - [MESSAGE][PASSED] - Text 'jwaryas@bluewatertech.com' is set on object 'Object Repository/Page_Log in - US Leadgen/input_Email'

2018-04-02 11:35:25 - [TEST_STEP][PASSED] - setText: Text 'Droop420!' is set on object 'Object Repository/Page_Log in - US Leadgen/input_Password'

2018-04-02 11:35:25 - [MESSAGE][PASSED] - Text 'Droop420!' is set on object 'Object Repository/Page_Log in - US Leadgen/input_Password'

2018-04-02 11:35:25 - [TEST_STEP][PASSED] - delay: Delayed 2 second(s)

2018-04-02 11:35:27 - [MESSAGE][PASSED] - Delayed 2 second(s)

2018-04-02 11:35:27 - [TEST_STEP][PASSED] - click: Object: 'Object Repository/Page_Log in - US Leadgen/input_btn btn-default' is clicked on

2018-04-02 11:35:28 - [MESSAGE][PASSED] - Object: 'Object Repository/Page_Log in - US Leadgen/input_btn btn-default' is clicked on

2018-04-02 11:35:28 - [TEST_STEP][PASSED] - delay: Delayed 2 second(s)

2018-04-02 11:35:30 - [MESSAGE][PASSED] - Delayed 2 second(s)

2018-04-02 11:35:30 - [TEST_STEP][PASSED] - mouseOver: Object: 'Object Repository/Page_Home Page - US Leadgen (1)/span_Account' is hovered

2018-04-02 11:35:30 - [MESSAGE][PASSED] - Object: 'Object Repository/Page_Home Page - US Leadgen (1)/span_Account' is hovered

2018-04-02 11:35:30 - [TEST_STEP][PASSED] - delay: Delayed 2 second(s)

2018-04-02 11:35:32 - [MESSAGE][PASSED] - Delayed 2 second(s)

2018-04-02 11:35:32 - [TEST_STEP][PASSED] - click: Object: 'Object Repository/Page_Home Page - US Leadgen (2)/span_Sign Out' is clicked on

2018-04-02 11:35:32 - [MESSAGE][PASSED] - Object: 'Object Repository/Page_Home Page - US Leadgen (2)/span_Sign Out' is clicked on

2018-04-02 11:35:32 - [TEST_STEP][PASSED] - delay: Delayed 2 second(s)

2018-04-02 11:35:34 - [MESSAGE][PASSED] - Delayed 2 second(s)

2018-04-02 11:35:34 - [TEST_STEP][PASSED] - mouseOver: Object: 'Object Repository/Page_Home Page - US Leadgen/a_Sign In' is hovered

2018-04-02 11:35:35 - [MESSAGE][PASSED] - Object: 'Object Repository/Page_Home Page - US Leadgen/a_Sign In' is hovered

2018-04-02 11:35:35 - [TEST_STEP][PASSED] - click: Object: 'Object Repository/Page_Home Page - US Leadgen/a_Sign In' is clicked on

2018-04-02 11:35:35 - [MESSAGE][PASSED] - Object: 'Object Repository/Page_Home Page - US Leadgen/a_Sign In' is clicked on

2018-04-02 11:35:35 - [TEST_STEP][PASSED] - delay: Delayed 2 second(s)

2018-04-02 11:35:37 - [MESSAGE][PASSED] - Delayed 2 second(s)

2018-04-02 11:35:37 - [TEST_STEP][PASSED] - setText: Text 'jwaryas@bluewatertech.com' is set on object 'Object Repository/Page_Log in - US Leadgen/input_Email'

2018-04-02 11:35:37 - [MESSAGE][PASSED] - Text 'jwaryas@bluewatertech.com' is set on object 'Object Repository/Page_Log in - US Leadgen/input_Email'

2018-04-02 11:35:37 - [TEST_STEP][PASSED] - setText: Text 'Droop420!' is set on object 'Object Repository/Page_Log in - US Leadgen/input_Password'

2018-04-02 11:35:37 - [MESSAGE][PASSED] - Text 'Droop420!' is set on object 'Object Repository/Page_Log in - US Leadgen/input_Password'

2018-04-02 11:35:37 - [TEST_STEP][PASSED] - delay: Delayed 2 second(s)

2018-04-02 11:35:39 - [MESSAGE][PASSED] - Delayed 2 second(s)

2018-04-02 11:35:39 - [TEST_STEP][PASSED] - click: Object: 'Object Repository/Page_Log in - US Leadgen/input_btn btn-default' is clicked on

2018-04-02 11:35:40 - [MESSAGE][PASSED] - Object: 'Object Repository/Page_Log in - US Leadgen/input_btn btn-default' is clicked on

2018-04-02 11:35:40 - [TEST_STEP][PASSED] - delay: Delayed 2 second(s)

2018-04-02 11:35:42 - [MESSAGE][PASSED] - Delayed 2 second(s)

2018-04-02 11:35:42 - [TEST_STEP][PASSED] - mouseOver: Object: 'Object Repository/Page_Home Page - US Leadgen (1)/span_Account' is hovered

2018-04-02 11:35:42 - [MESSAGE][PASSED] - Object: 'Object Repository/Page_Home Page - US Leadgen (1)/span_Account' is hovered

2018-04-02 11:35:42 - [TEST_STEP][PASSED] - delay: Delayed 2 second(s)

2018-04-02 11:35:44 - [MESSAGE][PASSED] - Delayed 2 second(s)

2018-04-02 11:35:44 - [TEST_STEP][PASSED] - click: Object: 'Object Repository/Page_Home Page - US Leadgen (2)/span_Sign Out' is clicked on

2018-04-02 11:35:44 - [MESSAGE][PASSED] - Object: 'Object Repository/Page_Home Page - US Leadgen (2)/span_Sign Out' is clicked on

2018-04-02 11:35:44 - [TEST_STEP][PASSED] - delay: Delayed 2 second(s)

2018-04-02 11:35:46 - [MESSAGE][PASSED] - Delayed 2 second(s)

2018-04-02 11:35:46 - [TEST_STEP][PASSED] - mouseOver: Object: 'Object Repository/Page_Home Page - US Leadgen/a_Sign In' is hovered

2018-04-02 11:35:47 - [MESSAGE][PASSED] - Object: 'Object Repository/Page_Home Page - US Leadgen/a_Sign In' is hovered

2018-04-02 11:35:47 - [TEST_STEP][PASSED] - click: Object: 'Object Repository/Page_Home Page - US Leadgen/a_Sign In' is clicked on

2018-04-02 11:35:47 - [MESSAGE][PASSED] - Object: 'Object Repository/Page_Home Page - US Leadgen/a_Sign In' is clicked on

2018-04-02 11:35:47 - [TEST_STEP][PASSED] - delay: Delayed 2 second(s)

2018-04-02 11:35:49 - [MESSAGE][PASSED] - Delayed 2 second(s)

2018-04-02 11:35:49 - [TEST_STEP][PASSED] - setText: Text 'jwaryas@bluewatertech.com' is set on object 'Object Repository/Page_Log in - US Leadgen/input_Email'

2018-04-02 11:35:49 - [MESSAGE][PASSED] - Text 'jwaryas@bluewatertech.com' is set on object 'Object Repository/Page_Log in - US Leadgen/input_Email'

2018-04-02 11:35:49 - [TEST_STEP][PASSED] - setText: Text 'Droop420!' is set on object 'Object Repository/Page_Log in - US Leadgen/input_Password'

2018-04-02 11:35:49 - [MESSAGE][PASSED] - Text 'Droop420!' is set on object 'Object Repository/Page_Log in - US Leadgen/input_Password'

2018-04-02 11:35:49 - [TEST_STEP][PASSED] - delay: Delayed 2 second(s)

2018-04-02 11:35:51 - [MESSAGE][PASSED] - Delayed 2 second(s)

2018-04-02 11:35:51 - [TEST_STEP][PASSED] - click: Object: 'Object Repository/Page_Log in - US Leadgen/input_btn btn-default' is clicked on

2018-04-02 11:35:52 - [MESSAGE][PASSED] - Object: 'Object Repository/Page_Log in - US Leadgen/input_btn btn-default' is clicked on

2018-04-02 11:35:52 - [TEST_STEP][PASSED] - delay: Delayed 2 second(s)

2018-04-02 11:35:54 - [MESSAGE][PASSED] - Delayed 2 second(s)

2018-04-02 11:35:54 - [TEST_STEP][PASSED] - mouseOver: Object: 'Object Repository/Page_Home Page - US Leadgen (1)/span_Account' is hovered

2018-04-02 11:35:54 - [MESSAGE][PASSED] - Object: 'Object Repository/Page_Home Page - US Leadgen (1)/span_Account' is hovered

2018-04-02 11:35:54 - [TEST_STEP][PASSED] - delay: Delayed 2 second(s)

2018-04-02 11:35:56 - [MESSAGE][PASSED] - Delayed 2 second(s)

2018-04-02 11:35:56 - [TEST_STEP][PASSED] - click: Object: 'Object Repository/Page_Home Page - US Leadgen (2)/span_Sign Out' is clicked on

2018-04-02 11:35:56 - [MESSAGE][PASSED] - Object: 'Object Repository/Page_Home Page - US Leadgen (2)/span_Sign Out' is clicked on

2018-04-02 11:35:56 - [TEST_STEP][PASSED] - delay: Delayed 2 second(s)

2018-04-02 11:35:58 - [MESSAGE][PASSED] - Delayed 2 second(s)

2018-04-02 11:35:58 - [TEST_STEP][PASSED] - mouseOver: Object: 'Object Repository/Page_Home Page - US Leadgen/a_Sign In' is hovered

2018-04-02 11:35:58 - [MESSAGE][PASSED] - Object: 'Object Repository/Page_Home Page - US Leadgen/a_Sign In' is hovered

2018-04-02 11:35:58 - [TEST_STEP][PASSED] - click: Object: 'Object Repository/Page_Home Page - US Leadgen/a_Sign In' is clicked on

2018-04-02 11:35:59 - [MESSAGE][PASSED] - Object: 'Object Repository/Page_Home Page - US Leadgen/a_Sign In' is clicked on

2018-04-02 11:35:59 - [TEST_STEP][PASSED] - delay: Delayed 2 second(s)

2018-04-02 11:36:01 - [MESSAGE][PASSED] - Delayed 2 second(s)

2018-04-02 11:36:01 - [TEST_STEP][PASSED] - setText: Text 'jwaryas@bluewatertech.com' is set on object 'Object Repository/Page_Log in - US Leadgen/input_Email'

2018-04-02 11:36:01 - [MESSAGE][PASSED] - Text 'jwaryas@bluewatertech.com' is set on object 'Object Repository/Page_Log in - US Leadgen/input_Email'

2018-04-02 11:36:01 - [TEST_STEP][PASSED] - setText: Text 'Droop420!' is set on object 'Object Repository/Page_Log in - US Leadgen/input_Password'

2018-04-02 11:36:01 - [MESSAGE][PASSED] - Text 'Droop420!' is set on object 'Object Repository/Page_Log in - US Leadgen/input_Password'

2018-04-02 11:36:01 - [TEST_STEP][PASSED] - delay: Delayed 2 second(s)

2018-04-02 11:36:03 - [MESSAGE][PASSED] - Delayed 2 second(s)

2018-04-02 11:36:03 - [TEST_STEP][PASSED] - click: Object: 'Object Repository/Page_Log in - US Leadgen/input_btn btn-default' is clicked on

2018-04-02 11:36:04 - [MESSAGE][PASSED] - Object: 'Object Repository/Page_Log in - US Leadgen/input_btn btn-default' is clicked on

2018-04-02 11:36:04 - [TEST_STEP][PASSED] - delay: Delayed 2 second(s)

2018-04-02 11:36:06 - [MESSAGE][PASSED] - Delayed 2 second(s)

2018-04-02 11:36:06 - [TEST_STEP][PASSED] - mouseOver: Object: 'Object Repository/Page_Home Page - US Leadgen (1)/span_Account' is hovered

2018-04-02 11:36:07 - [MESSAGE][PASSED] - Object: 'Object Repository/Page_Home Page - US Leadgen (1)/span_Account' is hovered

2018-04-02 11:36:07 - [TEST_STEP][PASSED] - delay: Delayed 2 second(s)

2018-04-02 11:36:09 - [MESSAGE][PASSED] - Delayed 2 second(s)

2018-04-02 11:36:09 - [TEST_STEP][PASSED] - click: Object: 'Object Repository/Page_Home Page - US Leadgen (2)/span_Sign Out' is clicked on

2018-04-02 11:36:09 - [MESSAGE][PASSED] - Object: 'Object Repository/Page_Home Page - US Leadgen (2)/span_Sign Out' is clicked on

2018-04-02 11:36:09 - [TEST_STEP][PASSED] - delay: Delayed 2 second(s)

2018-04-02 11:36:11 - [MESSAGE][PASSED] - Delayed 2 second(s)

2018-04-02 11:36:11 - [TEST_STEP][PASSED] - mouseOver: Object: 'Object Repository/Page_Home Page - US Leadgen/a_Sign In' is hovered

2018-04-02 11:36:13 - [MESSAGE][PASSED] - Object: 'Object Repository/Page_Home Page - US Leadgen/a_Sign In' is hovered

2018-04-02 11:36:13 - [TEST_STEP][PASSED] - click: Object: 'Object Repository/Page_Home Page - US Leadgen/a_Sign In' is clicked on

2018-04-02 11:36:14 - [MESSAGE][PASSED] - Object: 'Object Repository/Page_Home Page - US Leadgen/a_Sign In' is clicked on

2018-04-02 11:36:14 - [TEST_STEP][PASSED] - delay: Delayed 2 second(s)

2018-04-02 11:36:16 - [MESSAGE][PASSED] - Delayed 2 second(s)

2018-04-02 11:36:16 - [TEST_STEP][PASSED] - setText: Text 'jwaryas@bluewatertech.com' is set on object 'Object Repository/Page_Log in - US Leadgen/input_Email'

2018-04-02 11:36:16 - [MESSAGE][PASSED] - Text 'jwaryas@bluewatertech.com' is set on object 'Object Repository/Page_Log in - US Leadgen/input_Email'

2018-04-02 11:36:16 - [TEST_STEP][PASSED] - setText: Text 'Droop420!' is set on object 'Object Repository/Page_Log in - US Leadgen/input_Password'

2018-04-02 11:36:16 - [MESSAGE][PASSED] - Text 'Droop420!' is set on object 'Object Repository/Page_Log in - US Leadgen/input_Password'

2018-04-02 11:36:16 - [TEST_STEP][PASSED] - delay: Delayed 2 second(s)

2018-04-02 11:36:18 - [MESSAGE][PASSED] - Delayed 2 second(s)

2018-04-02 11:36:18 - [TEST_STEP][PASSED] - click: Object: 'Object Repository/Page_Log in - US Leadgen/input_btn btn-default' is clicked on

2018-04-02 11:36:20 - [MESSAGE][PASSED] - Object: 'Object Repository/Page_Log in - US Leadgen/input_btn btn-default' is clicked on

2018-04-02 11:36:20 - [TEST_STEP][PASSED] - delay: Delayed 2 second(s)

2018-04-02 11:36:22 - [MESSAGE][PASSED] - Delayed 2 second(s)

2018-04-02 11:36:22 - [TEST_STEP][PASSED] - mouseOver: Object: 'Object Repository/Page_Home Page - US Leadgen (1)/span_Account' is hovered

2018-04-02 11:36:23 - [MESSAGE][PASSED] - Object: 'Object Repository/Page_Home Page - US Leadgen (1)/span_Account' is hovered

2018-04-02 11:36:23 - [TEST_STEP][PASSED] - delay: Delayed 2 second(s)

2018-04-02 11:36:25 - [MESSAGE][PASSED] - Delayed 2 second(s)

[...]

2018-04-02 11:44:38 - [TEST_STEP][PASSED] - delay: Delayed 1 second(s)

2018-04-02 11:44:39 - [MESSAGE][PASSED] - Delayed 1 second(s)

2018-04-02 11:44:39 - [TEST_STEP][PASSED] - click: Object: 'Object Repository/Page_- US Leadgen/a_Events' is clicked on

2018-04-02 11:44:39 - [MESSAGE][PASSED] - Object: 'Object Repository/Page_- US Leadgen/a_Events' is clicked on

2018-04-02 11:44:39 - [TEST_STEP][PASSED] - delay: Delayed 2 second(s)

2018-04-02 11:44:41 - [MESSAGE][PASSED] - Delayed 2 second(s)

2018-04-02 11:44:41 - [TEST_STEP][PASSED] - mouseOver: Object: 'Object Repository/Page_Home Page - US Leadgen (1)/span_Administration' is hovered

2018-04-02 11:44:41 - [MESSAGE][PASSED] - Object: 'Object Repository/Page_Home Page - US Leadgen (1)/span_Administration' is hovered

2018-04-02 11:44:41 - [TEST_STEP][PASSED] - delay: Delayed 1 second(s)

2018-04-02 11:44:42 - [MESSAGE][PASSED] - Delayed 1 second(s)

2018-04-02 11:44:42 - [TEST_STEP][PASSED] - mouseOver: Object: 'Object Repository/Page_Home Page - US Leadgen (1)/span_System' is hovered

2018-04-02 11:44:43 - [MESSAGE][PASSED] - Object: 'Object Repository/Page_Home Page - US Leadgen (1)/span_System' is hovered

2018-04-02 11:44:43 - [TEST_STEP][PASSED] - delay: Delayed 1 second(s)

2018-04-02 11:44:44 - [MESSAGE][PASSED] - Delayed 1 second(s)

2018-04-02 11:44:44 - [TEST_STEP][PASSED] - click: Object: 'Object Repository/Page_- US Leadgen/a_Source Codes' is clicked on

2018-04-02 11:44:44 - [MESSAGE][PASSED] - Object: 'Object Repository/Page_- US Leadgen/a_Source Codes' is clicked on

2018-04-02 11:44:44 - [TEST_STEP][PASSED] - delay: Delayed 2 second(s)

2018-04-02 11:44:46 - [MESSAGE][PASSED] - Delayed 2 second(s)

2018-04-02 11:44:46 - [TEST_STEP][PASSED] - mouseOver: Object: 'Object Repository/Page_Home Page - US Leadgen (1)/span_Administration' is hovered

2018-04-02 11:44:46 - [MESSAGE][PASSED] - Object: 'Object Repository/Page_Home Page - US Leadgen (1)/span_Administration' is hovered

2018-04-02 11:44:46 - [TEST_STEP][PASSED] - delay: Delayed 1 second(s)

2018-04-02 11:44:47 - [MESSAGE][PASSED] - Delayed 1 second(s)

2018-04-02 11:44:47 - [TEST_STEP][PASSED] - mouseOver: Object: 'Object Repository/Page_Home Page - US Leadgen (1)/span_System' is hovered

2018-04-02 11:44:48 - [MESSAGE][PASSED] - Object: 'Object Repository/Page_Home Page - US Leadgen (1)/span_System' is hovered

2018-04-02 11:44:48 - [TEST_STEP][PASSED] - delay: Delayed 1 second(s)

2018-04-02 11:44:49 - [MESSAGE][PASSED] - Delayed 1 second(s)

2018-04-02 11:44:49 - [TEST_STEP][PASSED] - click: Object: 'Object Repository/Page_- US Leadgen/a_System Settings' is clicked on

2018-04-02 11:44:49 - [MESSAGE][PASSED] - Object: 'Object Repository/Page_- US Leadgen/a_System Settings' is clicked on

2018-04-02 11:44:49 - [TEST_STEP][PASSED] - delay: Delayed 2 second(s)

2018-04-02 11:44:51 - [MESSAGE][PASSED] - Delayed 2 second(s)

2018-04-02 11:44:51 - [TEST_STEP][PASSED] - mouseOver: Object: 'Object Repository/Page_Home Page - US Leadgen (1)/span_Administration' is hovered

2018-04-02 11:44:51 - [MESSAGE][PASSED] - Object: 'Object Repository/Page_Home Page - US Leadgen (1)/span_Administration' is hovered

2018-04-02 11:44:51 - [TEST_STEP][PASSED] - delay: Delayed 1 second(s)

2018-04-02 11:44:52 - [MESSAGE][PASSED] - Delayed 1 second(s)

2018-04-02 11:44:52 - [TEST_STEP][PASSED] - mouseOver: Object: 'Object Repository/Page_Home Page - US Leadgen (1)/span_System' is hovered

2018-04-02 11:44:52 - [MESSAGE][PASSED] - Object: 'Object Repository/Page_Home Page - US Leadgen (1)/span_System' is hovered

2018-04-02 11:44:52 - [TEST_STEP][PASSED] - delay: Delayed 1 second(s)

2018-04-02 11:44:53 - [MESSAGE][PASSED] - Delayed 1 second(s)

2018-04-02 11:44:53 - [TEST_STEP][PASSED] - click: Object: 'Object Repository/Page_- US Leadgen/a_Plug In Management' is clicked on

2018-04-02 11:44:54 - [MESSAGE][PASSED] - Object: 'Object Repository/Page_- US Leadgen/a_Plug In Management' is clicked on

2018-04-02 11:44:54 - [TEST_STEP][PASSED] - delay: Delayed 2 second(s)

2018-04-02 11:44:56 - [MESSAGE][PASSED] - Delayed 2 second(s)

2018-04-02 11:44:56 - [TEST_STEP][PASSED] - mouseOver: Object: 'Object Repository/Page_Home Page - US Leadgen (1)/span_Administration' is hovered

2018-04-02 11:44:56 - [MESSAGE][PASSED] - Object: 'Object Repository/Page_Home Page - US Leadgen (1)/span_Administration' is hovered

2018-04-02 11:44:56 - [TEST_STEP][PASSED] - delay: Delayed 1 second(s)

2018-04-02 11:44:57 - [MESSAGE][PASSED] - Delayed 1 second(s)

2018-04-02 11:44:57 - [TEST_STEP][PASSED] - mouseOver: Object: 'Object Repository/Page_Home Page - US Leadgen (1)/span_System' is hovered

2018-04-02 11:44:57 - [MESSAGE][PASSED] - Object: 'Object Repository/Page_Home Page - US Leadgen (1)/span_System' is hovered

2018-04-02 11:44:57 - [TEST_STEP][PASSED] - delay: Delayed 1 second(s)

2018-04-02 11:44:58 - [MESSAGE][PASSED] - Delayed 1 second(s)

2018-04-02 11:44:58 - [TEST_STEP][PASSED] - click: Object: 'Object Repository/Page_- US Leadgen/a_Exporter Settings' is clicked on

2018-04-02 11:44:59 - [MESSAGE][PASSED] - Object: 'Object Repository/Page_- US Leadgen/a_Exporter Settings' is clicked on

2018-04-02 11:44:59 - [TEST_STEP][PASSED] - delay: Delayed 2 second(s)

2018-04-02 11:45:01 - [MESSAGE][PASSED] - Delayed 2 second(s)

2018-04-02 11:45:01 - [TEST_STEP][PASSED] - mouseOver: Object: 'Object Repository/Page_Home Page - US Leadgen (1)/span_Administration' is hovered

2018-04-02 11:45:01 - [MESSAGE][PASSED] - Object: 'Object Repository/Page_Home Page - US Leadgen (1)/span_Administration' is hovered

2018-04-02 11:45:01 - [TEST_STEP][PASSED] - delay: Delayed 1 second(s)

2018-04-02 11:45:02 - [MESSAGE][PASSED] - Delayed 1 second(s)

2018-04-02 11:45:02 - [TEST_STEP][PASSED] - mouseOver: Object: 'Object Repository/Page_Home Page - US Leadgen (1)/span_System' is hovered

2018-04-02 11:45:02 - [MESSAGE][PASSED] - Object: 'Object Repository/Page_Home Page - US Leadgen (1)/span_System' is hovered

2018-04-02 11:45:02 - [TEST_STEP][PASSED] - delay: Delayed 1 second(s)

2018-04-02 11:45:03 - [MESSAGE][PASSED] - Delayed 1 second(s)

2018-04-02 11:45:03 - [TEST_STEP][PASSED] - click: Object: 'Object Repository/Page_- US Leadgen/a_Provision Keys' is clicked on

2018-04-02 11:45:04 - [MESSAGE][PASSED] - Object: 'Object Repository/Page_- US Leadgen/a_Provision Keys' is clicked on

2018-04-02 11:45:04 - [TEST_STEP][PASSED] - delay: Delayed 2 second(s)

2018-04-02 11:45:06 - [MESSAGE][PASSED] - Delayed 2 second(s)

2018-04-02 11:45:06 - [TEST_STEP][PASSED] - mouseOver: Object: 'Object Repository/Page_Home Page - US Leadgen (1)/span_Administration' is hovered

2018-04-02 11:45:06 - [MESSAGE][PASSED] - Object: 'Object Repository/Page_Home Page - US Leadgen (1)/span_Administration' is hovered

2018-04-02 11:45:06 - [TEST_STEP][PASSED] - delay: Delayed 1 second(s)

2018-04-02 11:45:07 - [MESSAGE][PASSED] - Delayed 1 second(s)

2018-04-02 11:45:07 - [TEST_STEP][PASSED] - mouseOver: Object: 'Object Repository/Page_Home Page - US Leadgen (1)/span_System' is hovered

2018-04-02 11:45:07 - [MESSAGE][PASSED] - Object: 'Object Repository/Page_Home Page - US Leadgen (1)/span_System' is hovered

2018-04-02 11:45:07 - [TEST_STEP][PASSED] - delay: Delayed 1 second(s)

2018-04-02 11:45:08 - [MESSAGE][PASSED] - Delayed 1 second(s)

2018-04-02 11:45:08 - [TEST_STEP][PASSED] - click: Object: 'Object Repository/Page_- US Leadgen/a_The Purginator' is clicked on

2018-04-02 11:45:09 - [MESSAGE][PASSED] - Object: 'Object Repository/Page_- US Leadgen/a_The Purginator' is clicked on

2018-04-02 11:45:09 - [TEST_STEP][PASSED] - delay: Delayed 2 second(s)

2018-04-02 11:45:11 - [MESSAGE][PASSED] - Delayed 2 second(s)

2018-04-02 11:45:11 - [TEST_STEP][PASSED] - mouseOver: Object: 'Object Repository/Page_Home Page - US Leadgen (1)/span_Administration' is hovered

2018-04-02 11:45:11 - [MESSAGE][PASSED] - Object: 'Object Repository/Page_Home Page - US Leadgen (1)/span_Administration' is hovered

2018-04-02 11:45:11 - [TEST_STEP][PASSED] - delay: Delayed 1 second(s)

2018-04-02 11:45:12 - [MESSAGE][PASSED] - Delayed 1 second(s)

2018-04-02 11:45:12 - [TEST_STEP][PASSED] - mouseOver: Object: 'Object Repository/Page_Home Page - US Leadgen (1)/span_System' is hovered

2018-04-02 11:45:12 - [MESSAGE][PASSED] - Object: 'Object Repository/Page_Home Page - US Leadgen (1)/span_System' is hovered

2018-04-02 11:45:12 - [TEST_STEP][PASSED] - delay: Delayed 1 second(s)

2018-04-02 11:45:13 - [MESSAGE][PASSED] - Delayed 1 second(s)

2018-04-02 11:45:13 - [TEST_STEP][PASSED] - click: Object: 'Object Repository/Page_- US Leadgen/a_Purge History' is clicked on

2018-04-02 11:45:14 - [MESSAGE][PASSED] - Object: 'Object Repository/Page_- US Leadgen/a_Purge History' is clicked on

2018-04-02 11:45:14 - [TEST_STEP][PASSED] - delay: Delayed 2 second(s)

2018-04-02 11:45:16 - [MESSAGE][PASSED] - Delayed 2 second(s)

2018-04-02 11:45:16 - [TEST_STEP][PASSED] - click: Object: 'Object Repository/Page_- US Leadgen/a_Dashboard' is clicked on

2018-04-02 11:45:16 - [MESSAGE][PASSED] - Object: 'Object Repository/Page_- US Leadgen/a_Dashboard' is clicked on

2018-04-02 11:45:16 - [TEST_STEP][PASSED] - delay: Delayed 5 second(s)

2018-04-02 11:45:21 - [MESSAGE][PASSED] - Delayed 5 second(s)

2018-04-02 11:45:21 - [TEST_STEP][PASSED] - mouseOver: Object: 'Object Repository/Page_Home Page - US Leadgen (1)/span_Reporting' is hovered

2018-04-02 11:45:21 - [MESSAGE][PASSED] - Object: 'Object Repository/Page_Home Page - US Leadgen (1)/span_Reporting' is hovered

2018-04-02 11:45:21 - [TEST_STEP][PASSED] - delay: Delayed 1 second(s)

2018-04-02 11:45:22 - [MESSAGE][PASSED] - Delayed 1 second(s)

2018-04-02 11:45:22 - [TEST_STEP][PASSED] - click: Object: 'Object Repository/Page_Home Page - US Leadgen (3)/a_Daily Emails' is clicked on

2018-04-02 11:45:23 - [MESSAGE][PASSED] - Object: 'Object Repository/Page_Home Page - US Leadgen (3)/a_Daily Emails' is clicked on

2018-04-02 11:45:23 - [TEST_STEP][PASSED] - delay: Delayed 2 second(s)

2018-04-02 11:45:25 - [MESSAGE][PASSED] - Delayed 2 second(s)

2018-04-02 11:45:25 - [TEST_STEP][PASSED] - mouseOver: Object: 'Object Repository/Page_Home Page - US Leadgen (1)/span_Reporting' is hovered

2018-04-02 11:45:25 - [MESSAGE][PASSED] - Object: 'Object Repository/Page_Home Page - US Leadgen (1)/span_Reporting' is hovered

2018-04-02 11:45:25 - [TEST_STEP][PASSED] - delay: Delayed 1 second(s)

2018-04-02 11:45:26 - [MESSAGE][PASSED] - Delayed 1 second(s)

2018-04-02 11:45:26 - [TEST_STEP][PASSED] - click: Object: 'Object Repository/Page_- US Leadgen/a_EDC Lead Summary' is clicked on

2018-04-02 11:45:28 - [MESSAGE][PASSED] - Object: 'Object Repository/Page_- US Leadgen/a_EDC Lead Summary' is clicked on

2018-04-02 11:45:28 - [TEST_STEP][PASSED] - delay: Delayed 2 second(s)

2018-04-02 11:45:30 - [MESSAGE][PASSED] - Delayed 2 second(s)

2018-04-02 11:45:30 - [TEST_STEP][PASSED] - click: Object: 'Object Repository/Page_- US Leadgen/i_fa fa-angle-double-left' is clicked on

2018-04-02 11:45:30 - [MESSAGE][PASSED] - Object: 'Object Repository/Page_- US Leadgen/i_fa fa-angle-double-left' is clicked on

2018-04-02 11:45:30 - [TEST_STEP][PASSED] - delay: Delayed 2 second(s)

2018-04-02 11:45:32 - [MESSAGE][PASSED] - Delayed 2 second(s)

2018-04-02 11:45:32 - [TEST_STEP][PASSED] - click: Object: 'Object Repository/Page_- US Leadgen/i_fa fa-angle-double-left_1' is clicked on

2018-04-02 11:45:32 - [MESSAGE][PASSED] - Object: 'Object Repository/Page_- US Leadgen/i_fa fa-angle-double-left_1' is clicked on

2018-04-02 11:45:32 - [TEST_STEP][PASSED] - delay: Delayed 2 second(s)

2018-04-02 11:45:34 - [MESSAGE][PASSED] - Delayed 2 second(s)

2018-04-02 11:45:34 - [TEST_STEP][PASSED] - click: Object: 'Object Repository/Page_- US Leadgen/button_uix-control-right' is clicked on

2018-04-02 11:45:34 - [MESSAGE][PASSED] - Object: 'Object Repository/Page_- US Leadgen/button_uix-control-right' is clicked on

2018-04-02 11:45:34 - [TEST_STEP][PASSED] - delay: Delayed 2 second(s)

2018-04-02 11:45:36 - [MESSAGE][PASSED] - Delayed 2 second(s)

2018-04-02 11:45:36 - [TEST_STEP][PASSED] - click: Object: 'Object Repository/Page_- US Leadgen/em_Submit' is clicked on

2018-04-02 11:45:37 - [MESSAGE][PASSED] - Object: 'Object Repository/Page_- US Leadgen/em_Submit' is clicked on

2018-04-02 11:45:37 - [TEST_STEP][PASSED] - delay: Delayed 2 second(s)

2018-04-02 11:45:39 - [MESSAGE][PASSED] - Delayed 2 second(s)

2018-04-02 11:45:39 - [TEST_STEP][PASSED] - click: Object: 'Object Repository/Page_- US Leadgen/em_Back' is clicked on

2018-04-02 11:45:41 - [MESSAGE][PASSED] - Object: 'Object Repository/Page_- US Leadgen/em_Back' is clicked on

2018-04-02 11:45:41 - [TEST_STEP][PASSED] - delay: Delayed 2 second(s)

2018-04-02 11:45:43 - [MESSAGE][PASSED] - Delayed 2 second(s)

2018-04-02 11:45:43 - [TEST_STEP][PASSED] - mouseOver: Object: 'Object Repository/Page_Home Page - US Leadgen (1)/span_Reporting' is hovered

2018-04-02 11:45:43 - [MESSAGE][PASSED] - Object: 'Object Repository/Page_Home Page - US Leadgen (1)/span_Reporting' is hovered

2018-04-02 11:45:43 - [TEST_STEP][PASSED] - delay: Delayed 1 second(s)

2018-04-02 11:45:44 - [MESSAGE][PASSED] - Delayed 1 second(s)

2018-04-02 11:45:44 - [TEST_STEP][PASSED] - click: Object: 'Object Repository/Page_- US Leadgen/a_Transmitted Leads' is clicked on

2018-04-02 11:45:45 - [MESSAGE][PASSED] - Object: 'Object Repository/Page_- US Leadgen/a_Transmitted Leads' is clicked on

2018-04-02 11:45:45 - [TEST_STEP][PASSED] - delay: Delayed 2 second(s)

2018-04-02 11:45:47 - [MESSAGE][PASSED] - Delayed 2 second(s)

2018-04-02 11:45:47 - [TEST_STEP][PASSED] - click: Object: 'Object Repository/Page_- US Leadgen/i_fa fa-angle-double-left' is clicked on

2018-04-02 11:45:47 - [MESSAGE][PASSED] - Object: 'Object Repository/Page_- US Leadgen/i_fa fa-angle-double-left' is clicked on

2018-04-02 11:45:47 - [TEST_STEP][PASSED] - delay: Delayed 3 second(s)

2018-04-02 11:45:50 - [MESSAGE][PASSED] - Delayed 3 second(s)

2018-04-02 11:45:50 - [TEST_STEP][PASSED] - click: Object: 'Object Repository/Page_- US Leadgen/em_Submit' is clicked on

2018-04-02 11:45:51 - [MESSAGE][PASSED] - Object: 'Object Repository/Page_- US Leadgen/em_Submit' is clicked on

2018-04-02 11:45:51 - [TEST_STEP][PASSED] - delay: Delayed 5 second(s)

2018-04-02 11:45:56 - [MESSAGE][PASSED] - Delayed 5 second(s)

2018-04-02 11:45:56 - [TEST_STEP][PASSED] - click: Object: 'Object Repository/Page_- US Leadgen/em_Back_1' is clicked on

2018-04-02 11:45:57 - [MESSAGE][PASSED] - Object: 'Object Repository/Page_- US Leadgen/em_Back_1' is clicked on

2018-04-02 11:45:57 - [TEST_STEP][PASSED] - delay: Delayed 2 second(s)

2018-04-02 11:45:59 - [MESSAGE][PASSED] - Delayed 2 second(s)

2018-04-02 11:45:59 - [TEST_STEP][PASSED] - mouseOver: Object: 'Object Repository/Page_Home Page - US Leadgen (1)/span_Reporting' is hovered

2018-04-02 11:45:59 - [MESSAGE][PASSED] - Object: 'Object Repository/Page_Home Page - US Leadgen (1)/span_Reporting' is hovered

2018-04-02 11:45:59 - [TEST_STEP][PASSED] - delay: Delayed 1 second(s)

2018-04-02 11:46:00 - [MESSAGE][PASSED] - Delayed 1 second(s)

2018-04-02 11:46:00 - [TEST_STEP][PASSED] - click: Object: 'Object Repository/Page_- US Leadgen/a_Lead Details' is clicked on

2018-04-02 11:46:00 - [MESSAGE][PASSED] - Object: 'Object Repository/Page_- US Leadgen/a_Lead Details' is clicked on

2018-04-02 11:46:00 - [TEST_STEP][PASSED] - delay: Delayed 2 second(s)

2018-04-02 11:46:02 - [MESSAGE][PASSED] - Delayed 2 second(s)

2018-04-02 11:46:02 - [TEST_STEP][PASSED] - click: Object: 'Object Repository/Page_- US Leadgen/i_fa fa-angle-double-left' is clicked on

2018-04-02 11:46:03 - [MESSAGE][PASSED] - Object: 'Object Repository/Page_- US Leadgen/i_fa fa-angle-double-left' is clicked on

2018-04-02 11:46:03 - [TEST_STEP][PASSED] - delay: Delayed 2 second(s)

2018-04-02 11:46:05 - [MESSAGE][PASSED] - Delayed 2 second(s)

2018-04-02 11:46:05 - [TEST_STEP][PASSED] - click: Object: 'Object Repository/Page_- US Leadgen/em_Submit' is clicked on

2018-04-02 11:46:10 - [MESSAGE][PASSED] - Object: 'Object Repository/Page_- US Leadgen/em_Submit' is clicked on

2018-04-02 11:46:10 - [TEST_STEP][PASSED] - delay: Delayed 5 second(s)

2018-04-02 11:46:15 - [MESSAGE][PASSED] - Delayed 5 second(s)

2018-04-02 11:46:15 - [TEST_STEP][PASSED] - mouseOver: Object: 'Object Repository/Page_Home Page - US Leadgen (1)/span_Reporting' is hovered

2018-04-02 11:46:15 - [MESSAGE][PASSED] - Object: 'Object Repository/Page_Home Page - US Leadgen (1)/span_Reporting' is hovered

2018-04-02 11:46:15 - [TEST_STEP][PASSED] - delay: Delayed 1 second(s)

2018-04-02 11:46:16 - [MESSAGE][PASSED] - Delayed 1 second(s)

2018-04-02 11:46:16 - [TEST_STEP][PASSED] - click: Object: 'Object Repository/Page_- US Leadgen/a_Multi-Brand Details' is clicked on

2018-04-02 11:46:17 - [MESSAGE][PASSED] - Object: 'Object Repository/Page_- US Leadgen/a_Multi-Brand Details' is clicked on

2018-04-02 11:46:17 - [TEST_STEP][PASSED] - delay: Delayed 2 second(s)

2018-04-02 11:46:19 - [MESSAGE][PASSED] - Delayed 2 second(s)

2018-04-02 11:46:19 - [TEST_STEP][PASSED] - click: Object: 'Object Repository/Page_- US Leadgen/i_fa fa-angle-double-left' is clicked on

2018-04-02 11:46:19 - [MESSAGE][PASSED] - Object: 'Object Repository/Page_- US Leadgen/i_fa fa-angle-double-left' is clicked on

2018-04-02 11:46:19 - [TEST_STEP][PASSED] - delay: Delayed 3 second(s)

2018-04-02 11:46:22 - [MESSAGE][PASSED] - Delayed 3 second(s)

2018-04-02 11:46:22 - [TEST_STEP][PASSED] - click: Object: 'Object Repository/Page_- US Leadgen/em_Submit' is clicked on

2018-04-02 11:46:28 - [MESSAGE][PASSED] - Object: 'Object Repository/Page_- US Leadgen/em_Submit' is clicked on

2018-04-02 11:46:28 - [TEST_STEP][PASSED] - delay: Delayed 5 second(s)

2018-04-02 11:46:33 - [MESSAGE][PASSED] - Delayed 5 second(s)]]></system-out>
         <system-err><![CDATA[]]></system-err>
      </testcase>
      <testcase name="Test Cases/Logging Out" classname="Test Cases/Logging Out" status="PASSED">
         <system-out><![CDATA[2018-04-02 11:46:33 - [TEST_CASE][PASSED] - Test Cases/Logging Out: Test Cases/Logging Out

2018-04-02 11:46:33 - [TEST_STEP][NOT_RUN] - openBrowser: NOT_RUN: openBrowser

2018-04-02 11:46:33 - [MESSAGE][NOT_RUN] - NOT_RUN: openBrowser

2018-04-02 11:46:33 - [TEST_STEP][NOT_RUN] - navigateToUrl: NOT_RUN: navigateToUrl

2018-04-02 11:46:33 - [MESSAGE][NOT_RUN] - NOT_RUN: navigateToUrl

2018-04-02 11:46:33 - [TEST_STEP][NOT_RUN] - maximizeWindow: NOT_RUN: maximizeWindow

2018-04-02 11:46:33 - [MESSAGE][NOT_RUN] - NOT_RUN: maximizeWindow

2018-04-02 11:46:33 - [TEST_STEP][NOT_RUN] - callTestCase: NOT_RUN: callTestCase

2018-04-02 11:46:33 - [MESSAGE][NOT_RUN] - NOT_RUN: callTestCase

2018-04-02 11:46:33 - [TEST_STEP][PASSED] - comment: Disabled for reasons. DO NOT ENABLE UNLESS I TELL YOU!

2018-04-02 11:46:33 - [TEST_STEP][PASSED] - mouseOver: Object: 'Object Repository/Page_Home Page - US Leadgen (1)/span_Account' is hovered

2018-04-02 11:46:33 - [MESSAGE][PASSED] - Object: 'Object Repository/Page_Home Page - US Leadgen (1)/span_Account' is hovered

2018-04-02 11:46:33 - [TEST_STEP][PASSED] - delay: Delayed 1 second(s)

2018-04-02 11:46:34 - [MESSAGE][PASSED] - Delayed 1 second(s)

2018-04-02 11:46:34 - [TEST_STEP][PASSED] - click: Object: 'Object Repository/Page_Home Page - US Leadgen (2)/span_Sign Out' is clicked on

2018-04-02 11:46:34 - [MESSAGE][PASSED] - Object: 'Object Repository/Page_Home Page - US Leadgen (2)/span_Sign Out' is clicked on]]></system-out>
         <system-err><![CDATA[]]></system-err>
      </testcase>
      <system-out><![CDATA[2018-04-02 11:30:03 - [TEST_SUITE][PASSED] - GM - Regression Suite for Reporting Tool: Test Cases/Logging Out]]></system-out>
      <system-err><![CDATA[]]></system-err>
   </testsuite>
</testsuites>
